"../../../Engine/Content/ArtTools/RenderToTexture/Enums/RenderToTexture_Enum.uasset" 0
"../../../Engine/Content/ArtTools/RenderToTexture/Enums/RenderToTexture_Flipbook_Enum.uasset" 1
"../../../Engine/Content/ArtTools/RenderToTexture/Enums/RenderToTexture_Imposter_Enum.uasset" 2
"../../../Engine/Content/EditorBlueprintResources/StandardMacros.uasset" 3
"../../../Engine/Content/ArtTools/RenderToTexture/Enums/EIntTypes.uasset" 4
"../../../Engine/Content/ArtTools/RenderToTexture/Macros/RenderToTextureFunctionLibrary.uasset" 5
"../../../Engine/Content/ArtTools/RenderToTexture/Enums/EFloatTypes.uasset" 6
"../../../Engine/Content/ArtTools/RenderToTexture/Macros/RenderToTextureMacros.uasset" 7
"../../../Engine/Content/Functions/Engine_MaterialFunctions01/Opacity/CameraDepthFade.uasset" 8
"../../../Engine/Content/EngineMaterials/T_Default_Material_Grid_M.uasset" 9
"../../../Engine/Content/EngineMaterials/T_Default_Material_Grid_N.uasset" 10
"../../../Engine/Content/EngineMaterials/WorldGridMaterial.uasset" 11
"../../../Engine/Content/ArtTools/RenderToTexture/Meshes/S_1_Unit_Plane.uasset" 12
"../../../Engine/Content/EngineMaterials/DefaultMaterial.uasset" 13
"../../../Engine/Content/BasicShapes/Cone.uasset" 14
"../../../Engine/Content/BasicShapes/Cube.uasset" 15
"../../../Engine/Content/BasicShapes/Plane.uasset" 16
"../../../Engine/Content/BasicShapes/Sphere.uasset" 17
"../../../Engine/Content/EngineMaterials/DefaultPhysicalMaterial.uasset" 18
"../../../Engine/Content/BufferVisualization/AmbientOcclusion.uasset" 19
"../../../Engine/Content/BufferVisualization/BaseColor.uasset" 20
"../../../Engine/Content/BufferVisualization/CustomDepth.uasset" 21
"../../../Engine/Content/Functions/Engine_MaterialFunctions02/Utility/VectorLength.uasset" 22
"../../../Engine/Content/BufferVisualization/CustomDepthWorldUnits.uasset" 23
"../../../Engine/Content/Functions/Engine_MaterialFunctions02/Utility/BreakOutFloat2Components.uasset" 24
"../../../Engine/Content/Functions/Engine_MaterialFunctions01/Texturing/ScaleUVsByCenter.uasset" 25
"../../../Engine/Content/Functions/Engine_MaterialFunctions02/ScreenResolution.uasset" 26
"../../../Engine/Content/Functions/Engine_MaterialFunctions02/Texturing/ScreenAlignedUVs.uasset" 27
"../../../Engine/Content/Functions/Engine_MaterialFunctions02/Utility/MakeFloat2.uasset" 28
"../../../Engine/Content/Functions/Engine_MaterialFunctions02/Utility/MakeFloat3.uasset" 29
"../../../Engine/Content/EngineMaterials/MiniFont.uasset" 30
"../../../Engine/Content/BufferVisualization/CustomStencil.uasset" 31
"../../../Engine/Content/BufferVisualization/FinalImage.uasset" 32
"../../../Engine/Content/BufferVisualization/LightingModel.uasset" 33
"../../../Engine/Content/BufferVisualization/MaterialAO.uasset" 34
"../../../Engine/Content/BufferVisualization/Metallic.uasset" 35
"../../../Engine/Content/BufferVisualization/Opacity.uasset" 36
"../../../Engine/Content/BufferVisualization/PostTonemapHDRColor.uasset" 37
"../../../Engine/Content/BufferVisualization/PreTonemapHDRColor.uasset" 38
"../../../Engine/Content/BufferVisualization/Roughness.uasset" 39
"../../../Engine/Content/BufferVisualization/SceneColor.uasset" 40
"../../../Engine/Content/BufferVisualization/SceneDepth.uasset" 41
"../../../Engine/Content/BufferVisualization/SceneDepthWorldUnits.uasset" 42
"../../../Engine/Content/BufferVisualization/SeparateTranslucencyA.uasset" 43
"../../../Engine/Content/BufferVisualization/SeparateTranslucencyRGB.uasset" 44
"../../../Engine/Content/BufferVisualization/Specular.uasset" 45
"../../../Engine/Content/BufferVisualization/SubsurfaceColor.uasset" 46
"../../../Engine/Content/BufferVisualization/WorldNormal.uasset" 47
"../../../Engine/Content/EditorBlueprintResources/ActorMacros.uasset" 48
"../../../Engine/Content/EditorLandscapeResources/DataLayer.uasset" 49
"../../../Engine/Content/EditorLandscapeResources/DefaultAlphaTexture.uasset" 50
"../../../Engine/Content/EditorLandscapeResources/LandscapeGizmoHeight_Mat.uasset" 51
"../../../Engine/Content/EditorLandscapeResources/LandscapeGizmo_Mat.uasset" 52
"../../../Engine/Content/EditorLandscapeResources/LandscapeGizmo_Mat_Copied.uasset" 53
"../../../Engine/Content/EditorLandscapeResources/SplineEditorMeshMat.uasset" 54
"../../../Engine/Content/EditorLandscapeResources/SplineEditorMesh.uasset" 55
"../../../Engine/Content/EditorMaterials/Cross.uasset" 56
"../../../Engine/Content/EditorMaterials/Cross_Mat.uasset" 57
"../../../Engine/Content/EditorMaterials/GizmoMaterial.uasset" 58
"../../../Engine/Content/Functions/Engine_MaterialFunctions02/Utility/Sign.uasset" 59
"../../../Engine/Content/Functions/Engine_MaterialFunctions02/Utility/Round.uasset" 60
"../../../Engine/Content/Functions/Engine_MaterialFunctions02/ExampleContent/Textures/flipbook.uasset" 61
"../../../Engine/Content/Functions/Engine_MaterialFunctions02/Texturing/FlipBook.uasset" 62
"../../../Engine/Content/EditorResources/T_EditorHelp.uasset" 63
"../../../Engine/Content/EditorMaterials/HelpActorMaterial.uasset" 64
"../../../Engine/Content/EditorMaterials/CompositeARGBLayer.uasset" 65
"../../../Engine/Content/EditorMaterials/TilingAALineIntegral.uasset" 66
"../../../Engine/Content/EditorMaterials/TilingAALineBoxFiltered.uasset" 67
"../../../Engine/Content/Functions/Engine_MaterialFunctions03/Procedurals/ComputeFilterWidth.uasset" 68
"../../../Engine/Content/EditorMaterials/TilingAADots.uasset" 69
"../../../Engine/Content/EditorMaterials/Cascade/CASC_Cross.uasset" 70
"../../../Engine/Content/EditorMaterials/Cascade/CASC_None.uasset" 71
"../../../Engine/Content/Functions/Engine_MaterialFunctions03/Blends/Blend_Screen.uasset" 72
"../../../Engine/Content/EditorMaterials/TilingAAGrid.uasset" 73
"../../../Engine/Content/EditorMaterials/LevelGridMaterial.uasset" 74
"../../../Engine/Content/EditorMaterials/MakeCompositeARGBLayer.uasset" 75
"../../../Engine/Content/EditorResources/LevelGrid1DStripes.uasset" 76
"../../../Engine/Content/EditorMaterials/TextureGridCascaded1D.uasset" 77
"../../../Engine/Content/EditorMaterials/TextureGridCascaded2D.uasset" 78
"../../../Engine/Content/EditorMaterials/LevelGridMaterial2.uasset" 79
"../../../Engine/Content/EditorMaterials/MAT_Groups_Toggle.uasset" 80
"../../../Engine/Content/EditorMaterials/MAT_Groups_Visibility.uasset" 81
"../../../Engine/Content/EditorMaterials/PhAT_BoneSelectedMaterial.uasset" 82
"../../../Engine/Content/EditorMaterials/PhAT_ElemSelectedMaterial.uasset" 83
"../../../Engine/Content/EditorMaterials/PhAT_NoCollisionMaterial.uasset" 84
"../../../Engine/Content/EditorMaterials/PhAT_UnselectedMaterial.uasset" 85
"../../../Engine/Content/EditorMaterials/PreviewShadowIndicator.uasset" 86
"../../../Engine/Content/EditorMaterials/PreviewShadowIndicatorMaterial.uasset" 87
"../../../Engine/Content/EditorMaterials/TargetIcon.uasset" 88
"../../../Engine/Content/EditorMaterials/Tick.uasset" 89
"../../../Engine/Content/EditorMaterials/Tick_Mat.uasset" 90
"../../../Engine/Content/EditorMaterials/WidgetGridVertexColorMaterial.uasset" 91
"../../../Engine/Content/EditorMaterials/WidgetGridVertexColorMaterial_Ma.uasset" 92
"../../../Engine/Content/EditorMaterials/WidgetMaterial.uasset" 93
"../../../Engine/Content/EditorMaterials/WidgetMaterial_Current.uasset" 94
"../../../Engine/Content/EditorMaterials/WidgetMaterial_X.uasset" 95
"../../../Engine/Content/EditorMaterials/WidgetMaterial_Y.uasset" 96
"../../../Engine/Content/EditorMaterials/WidgetMaterial_Z.uasset" 97
"../../../Engine/Content/EditorMaterials/WidgetVertexColorMaterial.uasset" 98
"../../../Engine/Content/EditorMaterials/MatineeGroups/MAT_ColorTrack.uasset" 99
"../../../Engine/Content/EditorMaterials/MatineeGroups/MAT_Groups_Anim.uasset" 100
"../../../Engine/Content/EditorMaterials/MatineeGroups/MAT_Groups_AudioMaster.uasset" 101
"../../../Engine/Content/EditorMaterials/MatineeGroups/MAT_Groups_Director.uasset" 102
"../../../Engine/Content/EditorMaterials/MatineeGroups/MAT_Groups_Event.uasset" 103
"../../../Engine/Content/EditorMaterials/MatineeGroups/MAT_Groups_Fade.uasset" 104
"../../../Engine/Content/EditorMaterials/MatineeGroups/MAT_Groups_Float.uasset" 105
"../../../Engine/Content/EditorMaterials/MatineeGroups/MAT_Groups_Move.uasset" 106
"../../../Engine/Content/EditorMaterials/MatineeGroups/MAT_Groups_Slomo.uasset" 107
"../../../Engine/Content/EditorMaterials/MatineeGroups/MAT_Groups_Sound.uasset" 108
"../../../Engine/Content/EditorMaterials/MatineeGroups/MAT_Groups_Vector.uasset" 109
"../../../Engine/Content/EditorMaterials/ParticleSystems/PSysThumbnail_NoImage.uasset" 110
"../../../Engine/Content/EditorMaterials/ParticleSystems/PSysThumbnail_OOD.uasset" 111
"../../../Engine/Content/EngineMaterials/Grid.uasset" 112
"../../../Engine/Content/EditorMaterials/Thumbnails/FloorPlaneMaterial.uasset" 113
"../../../Engine/Content/EditorMeshes/EditorCube.uasset" 114
"../../../Engine/Content/EditorMeshes/EditorCylinder.uasset" 115
"../../../Engine/Content/EditorMeshes/EditorPlane.uasset" 116
"../../../Engine/Content/EditorMaterials/Thumbnails/SkySphereMaterial.uasset" 117
"../../../Engine/Content/EditorMeshes/EditorSkySphere.uasset" 118
"../../../Engine/Content/EditorMeshes/EditorSphere.uasset" 119
"../../../Engine/Content/EditorResources/MatineeCam_D.uasset" 120
"../../../Engine/Content/EditorMaterials/MatineeCam_mat.uasset" 121
"../../../Engine/Content/EditorMeshes/MatineeCam_SM.uasset" 122
"../../../Engine/Content/EditorMaterials/Camera/CineMat.uasset" 123
"../../../Engine/Content/EditorMaterials/Camera/MI_CineMat_CameraBody.uasset" 124
"../../../Engine/Content/EngineDebugMaterials/M_SimpleOpaque.uasset" 125
"../../../Engine/Content/EditorMaterials/Camera/MI_CineMat_CamViewFinder.uasset" 126
"../../../Engine/Content/EditorMeshes/Camera/SM_CineCam.uasset" 127
"../../../Engine/Content/EditorMaterials/Camera/MI_CineMat_Rig.uasset" 128
"../../../Engine/Content/EditorMeshes/Camera/SM_CraneRig_Arm.uasset" 129
"../../../Engine/Content/EditorMeshes/Camera/SM_CraneRig_Base.uasset" 130
"../../../Engine/Content/EditorMeshes/Camera/SM_CraneRig_Body.uasset" 131
"../../../Engine/Content/EditorMeshes/Camera/SM_CraneRig_Mount.uasset" 132
"../../../Engine/Content/EditorMeshes/Camera/SM_RailRig_Mount.uasset" 133
"../../../Engine/Content/EditorMeshes/Camera/SM_RailRig_Track.uasset" 134
"../../../Engine/Content/EditorMeshes/ColorCalibrator/M_ChromeBall.uasset" 135
"../../../Engine/Content/EditorMeshes/ColorCalibrator/M_ClearCoat.uasset" 136
"../../../Engine/Content/EditorMeshes/ColorCalibrator/M_ClearCoatBlack.uasset" 137
"../../../Engine/Content/EditorMeshes/ColorCalibrator/Color_checker.uasset" 138
"../../../Engine/Content/EditorMeshes/ColorCalibrator/M_ColorGrid.uasset" 139
"../../../Engine/Content/EditorMeshes/ColorCalibrator/M_GreyBall.uasset" 140
"../../../Engine/Content/EditorMeshes/ColorCalibrator/SM_ColorCalibrator.uasset" 141
"../../../Engine/Content/EditorResources/Bad.uasset" 142
"../../../Engine/Content/EditorResources/BSPVertex.uasset" 143
"../../../Engine/Content/EditorResources/EmptyActor.uasset" 144
"../../../Engine/Content/EditorResources/MatInstActSprite.uasset" 145
"../../../Engine/Content/EditorResources/SceneManager.uasset" 146
"../../../Engine/Content/EditorResources/SmallFont.uasset" 147
"../../../Engine/Content/EditorResources/S_Actor.uasset" 148
"../../../Engine/Content/EditorResources/S_DecalActorIcon.uasset" 149
"../../../Engine/Content/EditorResources/S_Emitter.uasset" 150
"../../../Engine/Content/EditorResources/S_ExpoHeightFog.uasset" 151
"../../../Engine/Content/EditorResources/S_FTest.uasset" 152
"../../../Engine/Content/EditorResources/S_KBSJoint.uasset" 153
"../../../Engine/Content/EditorResources/S_KHinge.uasset" 154
"../../../Engine/Content/EditorResources/S_KPrismatic.uasset" 155
"../../../Engine/Content/EditorResources/S_LevelSequence.uasset" 156
"../../../Engine/Content/EditorResources/S_NavP.uasset" 157
"../../../Engine/Content/EditorResources/S_Note.uasset" 158
"../../../Engine/Content/EditorResources/S_Player.uasset" 159
"../../../Engine/Content/EditorResources/S_PortalActorIcon2.uasset" 160
"../../../Engine/Content/EditorResources/S_RadForce.uasset" 161
"../../../Engine/Content/EditorResources/S_ReflActorIcon.uasset" 162
"../../../Engine/Content/EditorResources/S_Terrain.uasset" 163
"../../../Engine/Content/EditorResources/S_TextRenderActorIcon.uasset" 164
"../../../Engine/Content/EditorResources/S_Thruster.uasset" 165
"../../../Engine/Content/EditorResources/S_Trigger.uasset" 166
"../../../Engine/Content/EditorResources/S_VectorFieldVol.uasset" 167
"../../../Engine/Content/EditorResources/S_WindDirectional.uasset" 168
"../../../Engine/Content/EditorResources/AI/S_NavLink.uasset" 169
"../../../Engine/Content/EditorResources/AudioIcons/S_AudioComponent.uasset" 170
"../../../Engine/Content/EditorResources/AudioIcons/S_AudioComponent_AutoActivate.uasset" 171
"../../../Engine/Content/EditorResources/LightIcons/SkyLight.uasset" 172
"../../../Engine/Content/EditorResources/LightIcons/S_LightDirectional.uasset" 173
"../../../Engine/Content/EditorResources/LightIcons/S_LightDirectionalMove.uasset" 174
"../../../Engine/Content/EditorResources/LightIcons/S_LightError.uasset" 175
"../../../Engine/Content/EditorResources/LightIcons/S_LightPoint.uasset" 176
"../../../Engine/Content/EditorResources/LightIcons/S_LightPointMove.uasset" 177
"../../../Engine/Content/EditorResources/LightIcons/S_LightSpot.uasset" 178
"../../../Engine/Content/EditorResources/LightIcons/S_LightSpotMove.uasset" 179
"../../../Engine/Content/EditorResources/SequenceRecorder/Countdown.uasset" 180
"../../../Engine/Content/EditorResources/SequenceRecorder/RecordingIndicator.uasset" 181
"../../../Engine/Content/EditorResources/Spline/T_Loft_Spline.uasset" 182
"../../../Engine/Content/EditorSounds/GamePreview/PossessPlayer.uasset" 183
"../../../Engine/Content/EditorSounds/GamePreview/PossessPlayer_Cue.uasset" 184
"../../../Engine/Content/EditorSounds/Notifications/CompileFailed.uasset" 185
"../../../Engine/Content/EditorSounds/Notifications/CompileFailed_Cue.uasset" 186
"../../../Engine/Content/EditorSounds/Notifications/CompileSuccess.uasset" 187
"../../../Engine/Content/EditorSounds/Notifications/CompileStart_Cue.uasset" 188
"../../../Engine/Content/EditorSounds/Notifications/CompileSuccess_Cue.uasset" 189
"../../../Engine/Content/EngineDamageTypes/DmgTypeBP_Environmental.uasset" 190
"../../../Engine/Content/EngineDebugMaterials/HeatmapGradient.uasset" 191
"../../../Engine/Content/EngineDebugMaterials/BoneWeightMaterial.uasset" 192
"../../../Engine/Content/EngineDebugMaterials/ClothMaterial.uasset" 193
"../../../Engine/Content/EngineDebugMaterials/ClothMaterial_WF.uasset" 194
"../../../Engine/Content/EngineDebugMaterials/DebugEditorMaterial.uasset" 195
"../../../Engine/Content/EngineDebugMaterials/DebugMeshMaterial.uasset" 196
"../../../Engine/Content/EngineDebugMaterials/GeomMaterial.uasset" 197
"../../../Engine/Content/Functions/Engine_MaterialFunctions01/Shading/ConvertFromDiffSpec.uasset" 198
"../../../Engine/Content/EngineDebugMaterials/LevelColorationLitMaterial.uasset" 199
"../../../Engine/Content/EngineDebugMaterials/LevelColorationUnlitMaterial.uasset" 200
"../../../Engine/Content/EngineMaterials/DefaultWhiteGrid.uasset" 201
"../../../Engine/Content/EngineDebugMaterials/MAT_LevelColorationLitLightmapUV.uasset" 202
"../../../Engine/Content/EngineDebugMaterials/M_SimpleTranslucent.uasset" 203
"../../../Engine/Content/EngineDebugMaterials/ShadedLevelColorationLitMaterial.uasset" 204
"../../../Engine/Content/EngineDebugMaterials/ShadedLevelColorationUnlitMateri.uasset" 205
"../../../Engine/Content/EngineDebugMaterials/VertexColorMaterial.uasset" 206
"../../../Engine/Content/EngineDebugMaterials/VertexColorViewMode_AlphaAsColor.uasset" 207
"../../../Engine/Content/EngineDebugMaterials/VertexColorViewMode_BlueOnly.uasset" 208
"../../../Engine/Content/EngineDebugMaterials/VertexColorViewMode_ColorOnly.uasset" 209
"../../../Engine/Content/EngineDebugMaterials/VertexColorViewMode_GreenOnly.uasset" 210
"../../../Engine/Content/EngineDebugMaterials/VertexColorViewMode_RedOnly.uasset" 211
"../../../Engine/Content/EngineDebugMaterials/WireframeMaterial.uasset" 212
"../../../Engine/Content/EngineFonts/Faces/RobotoBold.uasset" 213
"../../../Engine/Content/EngineFonts/Faces/RobotoBoldItalic.uasset" 214
"../../../Engine/Content/EngineFonts/Faces/RobotoItalic.uasset" 215
"../../../Engine/Content/EngineFonts/Faces/RobotoLight.uasset" 216
"../../../Engine/Content/EngineFonts/Faces/RobotoRegular.uasset" 217
"../../../Engine/Content/EngineFonts/Roboto.uasset" 218
"../../../Engine/Content/EngineFonts/Faces/RobotoTiny.uasset" 219
"../../../Engine/Content/EngineFonts/RobotoTiny.uasset" 220
"../../../Engine/Content/EngineFonts/SmallFont.uasset" 221
"../../../Engine/Content/EngineFonts/TinyFont.uasset" 222
"../../../Engine/Content/EngineResources/WhiteSquareTexture.uasset" 223
"../../../Engine/Content/EngineMaterials/BlinkingCaret.uasset" 224
"../../../Engine/Content/EngineMaterials/DefaultBloomKernel.uasset" 225
"../../../Engine/Content/EngineMaterials/DefaultBokeh.uasset" 226
"../../../Engine/Content/EngineMaterials/DefaultDiffuse.uasset" 227
"../../../Engine/Content/EngineMaterials/DefaultDeferredDecalMaterial.uasset" 228
"../../../Engine/Content/EngineMaterials/DefaultLightFunctionMaterial.uasset" 229
"../../../Engine/Content/EngineMaterials/DefaultNormal.uasset" 230
"../../../Engine/Content/EngineMaterials/DefaultPostProcessMaterial.uasset" 231
"../../../Engine/Content/EngineFonts/RobotoDistanceField.uasset" 232
"../../../Engine/Content/EngineMaterials/DefaultTextMaterialOpaque.uasset" 233
"../../../Engine/Content/EngineMaterials/EditorBrushMaterial.uasset" 234
"../../../Engine/Content/EngineMaterials/Good64x64TilingNoiseHighFreq.uasset" 235
"../../../Engine/Content/EngineMaterials/Grid_N.uasset" 236
"../../../Engine/Content/EngineMaterials/HighResolutionScreenshotMaskFunction.uasset" 237
"../../../Engine/Content/EngineMaterials/HighResScreenshot.uasset" 238
"../../../Engine/Content/EngineMaterials/HighResScreenshotCaptureRegion.uasset" 239
"../../../Engine/Content/EngineMaterials/HighResScreenshotMask.uasset" 240
"../../../Engine/Content/EngineMaterials/LandscapeHolePhysicalMaterial.uasset" 241
"../../../Engine/Content/EngineMaterials/InvalidLightmapSettings.uasset" 242
"../../../Engine/Content/EngineMaterials/M_InvalidLightmapSettings.uasset" 243
"../../../Engine/Content/EngineMaterials/PaperDiffuse.uasset" 244
"../../../Engine/Content/EngineMaterials/PaperNormal.uasset" 245
"../../../Engine/Content/Functions/Engine_MaterialFunctions02/WorldPositionOffset/CameraOffset.uasset" 246
"../../../Engine/Content/EngineMaterials/PhAT_JointLimitMaterial.uasset" 247
"../../../Engine/Content/EngineMaterials/PhysMat_Rubber.uasset" 248
"../../../Engine/Content/EngineMaterials/PreintegratedSkinBRDF.uasset" 249
"../../../Engine/Content/EngineMaterials/RemoveSurfaceMaterial.uasset" 250
"../../../Engine/Content/EngineMaterials/WeightMapPlaceholderTexture.uasset" 251
"../../../Engine/Content/EngineMaterials/Widget3DPassThrough.uasset" 252
"../../../Engine/Content/EngineMaterials/Widget3DPassThrough_Masked.uasset" 253
"../../../Engine/Content/EngineMaterials/Widget3DPassThrough_Opaque.uasset" 254
"../../../Engine/Content/EngineMaterials/Widget3DPassThrough_Masked_OneSided.uasset" 255
"../../../Engine/Content/EngineMaterials/Widget3DPassThrough_Opaque_OneSided.uasset" 256
"../../../Engine/Content/EngineMaterials/Widget3DPassThrough_Translucent.uasset" 257
"../../../Engine/Content/EngineMaterials/Widget3DPassThrough_Translucent_OneSided.uasset" 258
"../../../Engine/Content/EngineMeshes/Cube.uasset" 259
"../../../Engine/Content/EngineMeshes/Cylinder.uasset" 260
"../../../Engine/Content/EngineMeshes/Sphere.uasset" 261
"../../../Engine/Content/EngineResources/Black.uasset" 262
"../../../Engine/Content/EngineResources/DefaultTexture.uasset" 263
"../../../Engine/Content/EngineResources/DefaultTextureCube.uasset" 264
"../../../Engine/Content/EngineResources/GradientTexture0.uasset" 265
"../../../Engine/Content/EngineResources/StreamingPauseIcon.uasset" 266
"../../../Engine/Content/EngineResources/M_StreamingPause.uasset" 267
"../../../Engine/Content/Functions/Engine_MaterialFunctions01/Shading/PowerToRoughness.uasset" 268
"../../../Engine/Content/Maps/Templates/Thumbnails/Default.uasset" 269
"../../../Engine/Content/Maps/Templates/Thumbnails/VR-Basic.uasset" 270
"../../../Engine/Content/MobileResources/T_MobileControls_texture.uasset" 271
"../../../Engine/Content/MobileResources/T_MobileMenu2.uasset" 272
"../../../Engine/Content/MobileResources/HUD/AnalogHat.uasset" 273
"../../../Engine/Content/MobileResources/HUD/VirtualJoystick_Background.uasset" 274
"../../../Engine/Content/MobileResources/HUD/VirtualJoystick_Thumb.uasset" 275
"../../../Engine/Content/MobileResources/HUD/DefaultVirtualJoysticks.uasset" 276
"../../../Engine/Content/MobileResources/HUD/LeftVirtualJoystickOnly.uasset" 277
"../../../Engine/Content/MobileResources/HUD/MobileHUDButton1_off.uasset" 278
"../../../Engine/Content/MobileResources/HUD/MobileHUDButton1_on.uasset" 279
"../../../Engine/Content/MobileResources/HUD/MobileHUDButton2_off.uasset" 280
"../../../Engine/Content/MobileResources/HUD/MobileHUDButton2_on.uasset" 281
"../../../Engine/Content/MobileResources/HUD/MobileHUDButton3.uasset" 282
"../../../Engine/Content/MobileResources/HUD/MobileHUDButtonFire.uasset" 283
"../../../Engine/Content/MobileResources/HUD/MobileHUDDirectionPad.uasset" 284
"../../../Engine/Content/MobileResources/HUD/MobileHUDDirectionPad2.uasset" 285
"../../../Engine/Content/MobileResources/HUD/MobileHUDDirectionPad3.uasset" 286
"../../../Engine/Content/MobileResources/HUD/MobileHUDDirectionStick.uasset" 287
"../../../Engine/Content/MobileResources/HUD/T_Castle_ThumbstickInner.uasset" 288
"../../../Engine/Content/MobileResources/HUD/T_Castle_ThumbstickOutter.uasset" 289
"../../../Engine/Content/Tutorial/ContentIntroCurve.uasset" 290
"../../../Engine/Content/Tutorial/Basics/TutorialAssets/icon_tab_Levels_40x.uasset" 291
"../../../Engine/Content/Tutorial/BlueprintTutorials/TutorialAssets/BlueprintInterface_64x.uasset" 292
"../../../Engine/Content/Tutorial/BlueprintTutorials/TutorialAssets/BlueprintMacroLibrary_64x.uasset" 293
"../../../Engine/Content/Tutorial/BlueprintTutorials/TutorialAssets/Blueprint_64x.uasset" 294
"../../../Engine/Content/Tutorial/BlueprintTutorials/TutorialAssets/Tutorial_BP_Interface.uasset" 295
"../../../Engine/Content/Tutorial/Foliage/TutorialAssets/Foliage.uasset" 296
"../../../Engine/Content/Tutorial/Landscape/TutorialAssets/Landscape.uasset" 297
"../../../Engine/Content/Tutorial/Mobile/TutorialAssets/IOS.uasset" 298
"../../../Engine/Content/Tutorial/Paper2D/TutorialAssets/Paper2DFlipbook_TutorialIcon.uasset" 299
"../../../Engine/Content/Tutorial/Paper2D/TutorialAssets/Paper2DSprite_TutorialIcon.uasset" 300
"../../../Engine/Content/Tutorial/SubEditors/TutorialAssets/icon_Editor_Preferences_General_40x.uasset" 301
"../../../Engine/Content/Tutorial/SubEditors/TutorialAssets/icon_ShowSkeletalMeshes_40x.uasset" 302
"../../../Engine/Content/Tutorial/SubEditors/TutorialAssets/TutorialMaterial.uasset" 303
"../../../Engine/Content/Tutorial/SubEditors/TutorialAssets/T_SmokeSubUV_8X8.uasset" 304
"../../../Engine/Content/Tutorial/SubEditors/TutorialAssets/T_soft_smoke.uasset" 305
"../../../Engine/Content/Tutorial/SubEditors/TutorialAssets/M_smoke_subUV_blackbody.uasset" 306
"../../../Engine/Content/Tutorial/SubEditors/TutorialAssets/TutorialParticleSystem.uasset" 307
"../../../Engine/Content/VREditor/Devices/Generic/GenericHMDMaterial.uasset" 308
"../../../Engine/Content/VREditor/Devices/Generic/GenericHMD.uasset" 309
"../../../Engine/Content/Functions/Engine_MaterialFunctions02/Utility/BreakOutFloat3Components.uasset" 310
"../../../Engine/Content/VREditor/Devices/Vive/VivePreController_MasksB.uasset" 311
"../../../Engine/Content/VREditor/Devices/Oculus/OculusControllerMaterial.uasset" 312
"../../../Engine/Content/VREditor/Devices/Oculus/OculusControllerMaterial_Inst.uasset" 313
"../../../Engine/Content/VREditor/Devices/Oculus/OculusControllerMesh.uasset" 314
"../../../Engine/Content/VREditor/Devices/Vive/T_VivePreController_EM.uasset" 315
"../../../Engine/Content/VREditor/Devices/Vive/VivePreController_MasksA.uasset" 316
"../../../Engine/Content/VREditor/Devices/Vive/VivePreControllerDiffuse.uasset" 317
"../../../Engine/Content/VREditor/Devices/Vive/VivePreControllerSpec.uasset" 318
"../../../Engine/Content/VREditor/LaserPointer/VR_LaserPower_01.uasset" 319
"../../../Engine/Content/VREditor/Devices/Vive/VivePreControllerMaterial.uasset" 320
"../../../Engine/Content/VREditor/Devices/Vive/VivePreControllerMaterial_Inst.uasset" 321
"../../../Engine/Content/VREditor/Devices/Vive/VivePreControllerMesh.uasset" 322
"../../../Engine/Content/VREditor/FloatingText/LineMaterial.uasset" 323
"../../../Engine/Content/VREditor/FloatingText/JointSphere.uasset" 324
"../../../Engine/Content/VREditor/FloatingText/LineSegmentCylinder.uasset" 325
"../../../Engine/Content/VREditor/Fonts/VRText_RobotoLarge.uasset" 326
"../../../Engine/Content/VREditor/Fonts/VRTextMaterial.uasset" 327
"../../../Engine/Content/VREditor/Fonts/TranslucentVRTextMaterial.uasset" 328
"../../../Engine/Content/VREditor/LaserPointer/CursorPointer.uasset" 329
"../../../Engine/Content/VREditor/TransformGizmo/TransformGizmoMaterial.uasset" 330
"../../../Engine/Content/VREditor/LaserPointer/HoverMaterial.uasset" 331
"../../../Engine/Content/VREditor/TransformGizmo/TranslucentTransformGizmoMaterial.uasset" 332
"../../../Engine/Content/VREditor/LaserPointer/TranslucentHoverMaterial.uasset" 333
"../../../Engine/Content/VREditor/LaserPointer/HoverMesh.uasset" 334
"../../../Engine/Content/VREditor/LaserPointer/LaserPointerMaterial.uasset" 335
"../../../Engine/Content/VREditor/LaserPointer/LaserPointerMaterialInst.uasset" 336
"../../../Engine/Content/VREditor/LaserPointer/TranslucentLaserPointerMaterialInst.uasset" 337
"../../../Engine/Content/VREditor/LaserPointer/LaserPointerMesh.uasset" 338
"../../../Engine/Content/VREditor/LaserPointer/LaserPointerMesh_End.uasset" 339
"../../../Engine/Content/VREditor/LaserPointer/LaserPointerMesh_Start.uasset" 340
"../../../Engine/Content/VREditor/Sounds/VR_teleport.uasset" 341
"../../../Engine/Content/VREditor/Sounds/UI/Click_on_Button.uasset" 342
"../../../Engine/Content/VREditor/Sounds/UI/Click_on_Button_Cue.uasset" 343
"../../../Engine/Content/VREditor/Sounds/UI/Dockable_Window_Close.uasset" 344
"../../../Engine/Content/VREditor/Sounds/UI/Dockable_Window_Drop.uasset" 345
"../../../Engine/Content/VREditor/Sounds/UI/Dockable_Window_Open.uasset" 346
"../../../Engine/Content/VREditor/Sounds/UI/Dockable_Window_Pick_Up.uasset" 347
"../../../Engine/Content/VREditor/Sounds/UI/Drop_Item_From_ContentBrowser.uasset" 348
"../../../Engine/Content/VREditor/Sounds/UI/Floating_UI_Open-001.uasset" 349
"../../../Engine/Content/VREditor/Sounds/UI/Radial_Menu_FadeOut.uasset" 350
"../../../Engine/Content/VREditor/Sounds/UI/Teleport_Mode_Entered.uasset" 351
"../../../Engine/Content/VREditor/Teleport/TeleportDirectionMaterial.uasset" 352
"../../../Engine/Content/VREditor/Teleport/TeleportDirectionMaterial_Inst.uasset" 353
"../../../Engine/Content/VREditor/Teleport/TeleportDirectionMesh.uasset" 354
"../../../Engine/Content/VREditor/TransformGizmo/BoundingBoxCorner.uasset" 355
"../../../Engine/Content/VREditor/TransformGizmo/BoundingBoxEdge.uasset" 356
"../../../Engine/Content/VREditor/TransformGizmo/PlaneTranslationHandle.uasset" 357
"../../../Engine/Content/VREditor/TransformGizmo/Main.uasset" 358
"../../../Engine/Content/VREditor/TransformGizmo/Xray.uasset" 359
"../../../Engine/Content/VREditor/TransformGizmo/SM_Dialog_Close.uasset" 360
"../../../Engine/Content/VREditor/TransformGizmo/SM_Dialog_Move.uasset" 361
"../../../Engine/Content/VREditor/TransformGizmo/SM_Sequencer_Key.uasset" 362
"../../../Engine/Content/VREditor/TransformGizmo/SM_Sequencer_Node.uasset" 363
"../../../Engine/Content/VREditor/TransformGizmo/TransformGizmoMaterial_Inst.uasset" 364
"../../../Engine/Content/VREditor/TransformGizmo/TranslucentTransformGizmoMaterial_Inst.uasset" 365
"../../../Engine/Content/VREditor/Devices/Vive/UE4_Logo.uasset" 366
"../../../Engine/Content/VREditor/UI/M_ContentWindow.uasset" 367
"../../../Engine/Content/VREditor/UI/SM_ContentWindow_01.uasset" 368
"../../../Engine/Content/VREditor/UI/KeyDiskMaterial.uasset" 369
"../../../Engine/Content/VREditor/UI/DiscMaterial.uasset" 370
"../../../Engine/Content/VREditor/UI/SM_Radial_Disk.uasset" 371
"../../../Engine/Content/VREditor/UI/ArrowMaterial.uasset" 372
"../../../Engine/Content/VREditor/UI/SM_Radial_Pointer.uasset" 373
"../../../Engine/Content/Functions/Engine_MaterialFunctions01/Gradient/RadialGradient.uasset" 374
"../../../Engine/Content/VREditor/WorldMovementGrid/SimpleGrid.uasset" 375
"../../../Engine/Content/VREditor/WorldMovementGrid/GridMaterial.uasset" 376
"../../../Engine/Content/Functions/Engine_MaterialFunctions01/Density/ExponentialDensity.uasset" 377
"../../../Engine/Content/VREditor/WorldMovementGrid/GridPostProcess.uasset" 378
"../../../Engine/Content/EditorLandscapeResources/FlattenHeightMat.uasset" 379
"../../../Engine/Content/VREditor/WorldMovementGrid/PlaneMesh.uasset" 380
"../../../../../../Users/Damen/Desktop/FortKnight/Content/FortKnight/TexturesImages/cursor_mouse_bigger.uasset" 381
"../../../../../../Users/Damen/Desktop/FortKnight/Content/FortKnight/Blueprints/Widgets/Cursor.uasset" 382
"../../Plugins/2D/Paper2D/Content/PlaceholderTextures/DummySpriteTexture.uasset" 383
"../../Plugins/2D/Paper2D/Content/DummySprite.uasset" 384
"../../Plugins/2D/Paper2D/Content/DefaultPaperTerrainMaterial.uasset" 385
"../../Plugins/2D/Paper2D/Content/DefaultSpriteMaterial.uasset" 386
"../../Plugins/2D/Paper2D/Content/MaskedUnlitSpriteMaterial.uasset" 387
"../../Plugins/2D/Paper2D/Content/OpaqueUnlitSpriteMaterial.uasset" 388
"../../Plugins/Media/MediaCompositing/Content/DefaultMediaPlaneTexture.uasset" 389
"../../Plugins/Media/MediaCompositing/Content/DefaultMediaPlaneMaterial.uasset" 390
"../../../Engine/Content/Functions/Engine_MaterialFunctions02/Utility/MakeFloat4.uasset" 391
"../../Plugins/Runtime/AppleARKit/Content/ARKitCameraMaterial.uasset" 392
"../../Plugins/Runtime/Oculus/OculusVR/Content/Textures/GearVRController_AO.uasset" 393
"../../Plugins/Runtime/Oculus/OculusVR/Content/Textures/GearVRController_Color.uasset" 394
"../../Plugins/Runtime/Oculus/OculusVR/Content/Textures/GearVRController_Normal.uasset" 395
"../../Plugins/Runtime/Oculus/OculusVR/Content/Materials/GearVRControllerMaterial.uasset" 396
"../../Plugins/Runtime/Oculus/OculusVR/Content/Meshes/GearVrController.uasset" 397
"../../../Engine/Content/Maps/Entry.umap" 398
"../../../Engine/Content/EngineMeshes/Humanoid.uasset" 399
"../../../../../../Users/Damen/Desktop/FortKnight/Content/Mannequin/Character/Mesh/UE4_Mannequin_Skeleton.uasset" 400
"../../../../../../Users/Damen/Desktop/FortKnight/Content/Mannequin/Animations/ThirdPerson_Jump.uasset" 401
"../../../../../../Users/Damen/Desktop/FortKnight/Content/Mannequin/Animations/ThirdPersonJump_Loop.uasset" 402
"../../../../../../Users/Damen/Desktop/FortKnight/Content/Mannequin/Animations/ThirdPersonJump_Start.uasset" 403
"../../../../../../Users/Damen/Desktop/FortKnight/Content/Mannequin/Animations/ThirdPersonIdle.uasset" 404
"../../../../../../Users/Damen/Desktop/FortKnight/Content/Mannequin/Animations/ThirdPersonRun.uasset" 405
"../../../../../../Users/Damen/Desktop/FortKnight/Content/Mannequin/Animations/ThirdPersonWalk.uasset" 406
"../../../../../../Users/Damen/Desktop/FortKnight/Content/Mannequin/Animations/ThirdPerson_IdleRun_2D.uasset" 407
"../../../../../../Users/Damen/Desktop/FortKnight/Content/Mannequin/Animations/ThirdPerson_AnimBP.uasset" 408
"../../../../../../Users/Damen/Desktop/FortKnight/Content/FortKnight/Blueprints/AI/Enemy/EnemyBlackboard.uasset" 409
"../../../../../../Users/Damen/Desktop/FortKnight/Content/FortKnight/Blueprints/AI/Enemy/ClearFocusTask.uasset" 410
"../../../../../../Users/Damen/Desktop/FortKnight/Content/FortKnight/Meshes/Enemy/Enemy_Skeleton.uasset" 411
"../../../../../../Users/Damen/Desktop/FortKnight/Content/FortKnight/Meshes/Enemy/Enemy_Anim.uasset" 412
"../../../../../../Users/Damen/Desktop/FortKnight/Content/FortKnight/Meshes/Enemy/Enemy_Run_Cycle_Biped_Skeleton_NPC_Walk_Cycle_Anim.uasset" 413
"../../../../../../Users/Damen/Desktop/FortKnight/Content/FortKnight/Meshes/Enemy/Enemy_Run_Cycle_NPC_Idle_Anim.uasset" 414
"../../../../../../Users/Damen/Desktop/FortKnight/Content/FortKnight/Blueprints/AnimBPs/EnemyAnimBP.uasset" 415
"../../../../../../Users/Damen/Desktop/FortKnight/Content/FortKnight/Blueprints/Weapons/Equippable.uasset" 416
"../../../../../../Users/Damen/Desktop/FortKnight/Content/StarterContent/Textures/T_CobbleStone_Rough_D.uasset" 417
"../../../../../../Users/Damen/Desktop/FortKnight/Content/StarterContent/Textures/T_CobbleStone_Rough_N.uasset" 418
"../../../../../../Users/Damen/Desktop/FortKnight/Content/StarterContent/Textures/T_Gradinet_01.uasset" 419
"../../../../../../Users/Damen/Desktop/FortKnight/Content/StarterContent/Textures/T_Rock_Smooth_Granite_D.uasset" 420
"../../../../../../Users/Damen/Desktop/FortKnight/Content/StarterContent/Materials/M_CobbleStone_Rough.uasset" 421
"../../../../../../Users/Damen/Desktop/FortKnight/Content/StarterContent/Textures/T_MacroVariation.uasset" 422
"../../../../../../Users/Damen/Desktop/FortKnight/Content/StarterContent/Textures/T_Perlin_Noise_M.uasset" 423
"../../../../../../Users/Damen/Desktop/FortKnight/Content/StarterContent/Textures/T_Rock_Slate_D.uasset" 424
"../../../../../../Users/Damen/Desktop/FortKnight/Content/StarterContent/Textures/T_Rock_Slate_N.uasset" 425
"../../../../../../Users/Damen/Desktop/FortKnight/Content/StarterContent/Materials/M_Rock_Slate.uasset" 426
"../../../../../../Users/Damen/Desktop/FortKnight/Content/StarterContent/Textures/T_Wood_Oak_D.uasset" 427
"../../../../../../Users/Damen/Desktop/FortKnight/Content/StarterContent/Textures/T_Wood_Oak_N.uasset" 428
"../../../../../../Users/Damen/Desktop/FortKnight/Content/StarterContent/Materials/M_Wood_Oak.uasset" 429
"../../../../../../Users/Damen/Desktop/FortKnight/Content/StarterContent/Textures/T_Wood_Pine_D.uasset" 430
"../../../../../../Users/Damen/Desktop/FortKnight/Content/StarterContent/Textures/T_Wood_Pine_N.uasset" 431
"../../../../../../Users/Damen/Desktop/FortKnight/Content/StarterContent/Materials/M_Wood_Pine.uasset" 432
"../../../../../../Users/Damen/Desktop/FortKnight/Content/FortKnight/Meshes/StaticMeshes/Buildings/_SmallBuilding2.uasset" 433
"../../../../../../Users/Damen/Desktop/FortKnight/Content/FortKnight/Meshes/StaticMeshes/Buildings/_SmallBuilding2_DM.uasset" 434
"../../../../../../Users/Damen/Desktop/FortKnight/Content/FortKnight/Blueprints/Buildings/BuildingBase.uasset" 435
"../../../Engine/Content/EngineSounds/Master.uasset" 436
"../../../Engine/Content/EngineSounds/Normal_Attack.uasset" 437
"../../../Engine/Content/EngineSounds/Duck_Normal_Attack_MixMod.uasset" 438
"../../../Engine/Content/EngineSounds/Special_Attack_PSM.uasset" 439
"../../../Engine/Content/EngineSounds/SFX.uasset" 440
"../../../../../../Users/Damen/Desktop/FortKnight/Content/FortKnight/Audio/Wavs/sword_Air1.uasset" 441
"../../../../../../Users/Damen/Desktop/FortKnight/Content/FortKnight/Audio/Wavs/sword_Air2.uasset" 442
"../../../../../../Users/Damen/Desktop/FortKnight/Content/FortKnight/Audio/Wavs/sword_Air3.uasset" 443
"../../../../../../Users/Damen/Desktop/FortKnight/Content/FortKnight/Audio/Wavs/sword_Air4.uasset" 444
"../../../../../../Users/Damen/Desktop/FortKnight/Content/FortKnight/Audio/Cues/Sword_Swish.uasset" 445
"../../../../../../Users/Damen/Desktop/FortKnight/Content/FortKnight/Audio/Wavs/Metal_Impact.uasset" 446
"../../../../../../Users/Damen/Desktop/FortKnight/Content/FortKnight/Audio/Wavs/Sword_Hit_Wall.uasset" 447
"../../../../../../Users/Damen/Desktop/FortKnight/Content/FortKnight/Audio/Cues/Sword_Wall.uasset" 448
"../../../../../../Users/Damen/Desktop/FortKnight/Content/FortKnight/Audio/Wavs/Hit1.uasset" 449
"../../../../../../Users/Damen/Desktop/FortKnight/Content/FortKnight/Audio/Wavs/Hit2.uasset" 450
"../../../../../../Users/Damen/Desktop/FortKnight/Content/FortKnight/Audio/Wavs/Hit3.uasset" 451
"../../../../../../Users/Damen/Desktop/FortKnight/Content/FortKnight/Audio/Cues/SwordHit.uasset" 452
"../../../../../../Users/Damen/Desktop/FortKnight/Content/StarterContent/Materials/M_Metal_Brushed_Nickel.uasset" 453
"../../../../../../Users/Damen/Desktop/FortKnight/Content/StarterContent/Textures/T_Metal_Aluminum_D.uasset" 454
"../../../../../../Users/Damen/Desktop/FortKnight/Content/StarterContent/Textures/T_Metal_Gold_N.uasset" 455
"../../../../../../Users/Damen/Desktop/FortKnight/Content/StarterContent/Materials/M_Metal_Burnished_Steel.uasset" 456
"../../../Engine/Content/Functions/Engine_MaterialFunctions01/Gradient/LinearGradient.uasset" 457
"../../../Engine/Content/Functions/Engine_MaterialFunctions01/ImageAdjustment/CheapContrast.uasset" 458
"../../../Engine/Content/Functions/Engine_MaterialFunctions02/Math/CreateThirdOrthogonalVector.uasset" 459
"../../../Engine/Content/Functions/Engine_MaterialFunctions02/Math/Transform3x3Matrix.uasset" 460
"../../../Engine/Content/Functions/Engine_MaterialFunctions02/ExampleContent/Textures/SphereRenderNormalsMap.uasset" 461
"../../../Engine/Content/Functions/Engine_MaterialFunctions02/WorldAlignedNormals_HighQuality.uasset" 462
"../../../Engine/Content/EngineMaterials/DefaultNormal_Uncompressed.uasset" 463
"../../../Engine/Content/Functions/Engine_MaterialFunctions01/Texturing/WorldAlignedNormal.uasset" 464
"../../../Engine/Content/Functions/Engine_MaterialFunctions01/Texturing/WorldAlignedTexture.uasset" 465
"../../../Engine/Content/Functions/Engine_MaterialFunctions02/Utility/BumpOffset_Advanced.uasset" 466
"../../../../../../Users/Damen/Desktop/FortKnight/Content/AutomotiveMaterials/Textures/Leather/T_PerforationMask.uasset" 467
"../../../../../../Users/Damen/Desktop/FortKnight/Content/AutomotiveMaterials/Materials/Functions/WorldAlignedTexture_Bumpoffset.uasset" 468
"../../../../../../Users/Damen/Desktop/FortKnight/Content/AutomotiveMaterials/Textures/Leather/T_Leather_01_AO.uasset" 469
"../../../../../../Users/Damen/Desktop/FortKnight/Content/AutomotiveMaterials/Textures/Leather/T_Leather_01_N.uasset" 470
"../../../../../../Users/Damen/Desktop/FortKnight/Content/AutomotiveMaterials/Textures/Leather/T_Leather_01_R.uasset" 471
"../../../../../../Users/Damen/Desktop/FortKnight/Content/AutomotiveMaterials/Textures/Leather/T_Perforation_N.uasset" 472
"../../../../../../Users/Damen/Desktop/FortKnight/Content/AutomotiveMaterials/Materials/Leather/M_Leather.uasset" 473
"../../../../../../Users/Damen/Desktop/FortKnight/Content/AutomotiveMaterials/Materials/Leather/MI_Leather_05_Brown.uasset" 474
"../../../../../../Users/Damen/Desktop/FortKnight/Content/FortKnight/Meshes/StaticMeshes/Weapons/Sword3.uasset" 475
"../../../../../../Users/Damen/Desktop/FortKnight/Content/FortKnight/Blueprints/Weapons/Sword.uasset" 476
"../../../../../../Users/Damen/Desktop/FortKnight/Content/FortKnight/Meshes/Player/Player_Anim_Biped_Skeleton_Biped_SkeletonAction.uasset" 477
"../../../../../../Users/Damen/Desktop/FortKnight/Content/FortKnight/Meshes/Player/Player_SpellAnims_BlizzardSpell_Cast_Anim.uasset" 478
"../../../../../../Users/Damen/Desktop/FortKnight/Content/FortKnight/Meshes/Player/Player_SpellAnims_BlizzardSpell_Hold_Anim.uasset" 479
"../../../../../../Users/Damen/Desktop/FortKnight/Content/FortKnight/Meshes/Player/Player_SpellAnims_BlizzardSpell_Precast_Anim.uasset" 480
"../../../../../../Users/Damen/Desktop/FortKnight/Content/FortKnight/Meshes/Player/Player_SpellAnims_FireballSpell_Anim.uasset" 481
"../../../../../../Users/Damen/Desktop/FortKnight/Content/FortKnight/Meshes/Player/Player_SpellAnims_MeteorSpell_Cast_Anim.uasset" 482
"../../../../../../Users/Damen/Desktop/FortKnight/Content/FortKnight/Meshes/Player/Player_SpellAnims_MeteorSpell_Hold_Anim.uasset" 483
"../../../../../../Users/Damen/Desktop/FortKnight/Content/FortKnight/Meshes/Player/Player_SpellAnims_MeteorSpell_Precast_Anim.uasset" 484
"../../../../../../Users/Damen/Desktop/FortKnight/Content/StarterContent/Textures/T_Burst_M.uasset" 485
"../../../../../../Users/Damen/Desktop/FortKnight/Content/FortKnight/Materials/AOE_Decal.uasset" 486
"../../../../../../Users/Damen/Desktop/FortKnight/Content/FortKnight/Blueprints/EnumsStructs/TargetingModes.uasset" 487
"../../../../../../Users/Damen/Desktop/FortKnight/Content/FortKnight/Particle/MagicCircle/Magic_Circle.uasset" 488
"../../../../../../Users/Damen/Desktop/FortKnight/Content/FortKnight/Particle/MagicCircle/MagicCircle_M.uasset" 489
"../../../../../../Users/Damen/Desktop/FortKnight/Content/FortKnight/Particle/MagicCircle/MagicCircle_Ring2.uasset" 490
"../../../../../../Users/Damen/Desktop/FortKnight/Content/FortKnight/Particle/MagicCircle/MagicCircle_Ring_M2.uasset" 491
"../../../../../../Users/Damen/Desktop/FortKnight/Content/FortKnight/Particle/MagicCircle/MagicCircle_Ring.uasset" 492
"../../../../../../Users/Damen/Desktop/FortKnight/Content/FortKnight/Particle/MagicCircle/MagicCircleRing_M.uasset" 493
"../../../Engine/Content/Functions/Engine_MaterialFunctions01/Gradient/RadialGradientExponential.uasset" 494
"../../../../../../Users/Damen/Desktop/FortKnight/Content/FortKnight/Particle/MagicCircle/MagicDot_M.uasset" 495
"../../../../../../Users/Damen/Desktop/FortKnight/Content/FortKnight/Particle/MagicCircle/Pillar_M2.uasset" 496
"../../../../../../Users/Damen/Desktop/FortKnight/Content/FortKnight/Particle/MagicCircle/pillar.uasset" 497
"../../../../../../Users/Damen/Desktop/FortKnight/Content/FortKnight/Particle/MagicCircle/MagicCircle_P2.uasset" 498
"../../../../../../Users/Damen/Desktop/FortKnight/Content/AbilityTargetting.uasset" 499
"../../../../../../Users/Damen/Desktop/FortKnight/Content/FortKnight/Blueprints/Abilities/Upgrades/UpgradeBase.uasset" 500
"../../../../../../Users/Damen/Desktop/FortKnight/Content/FortKnight/Blueprints/Abilities/Upgrades/DoubleCast_Upgrade.uasset" 501
"../../../../../../Users/Damen/Desktop/FortKnight/Content/FortKnight/Particle/Meteor/M_Beam.uasset" 502
"../../../../../../Users/Damen/Desktop/FortKnight/Content/Material/Particle/T_Spark_Base_01.uasset" 503
"../../../../../../Users/Damen/Desktop/FortKnight/Content/Material/Particle/CoreSpark.uasset" 504
"../../../../../../Users/Damen/Desktop/FortKnight/Content/StarterContent/Particles/Materials/M_Burst.uasset" 505
"../../../../../../Users/Damen/Desktop/FortKnight/Content/StarterContent/Textures/T_Explosion_SubUV.uasset" 506
"../../../../../../Users/Damen/Desktop/FortKnight/Content/StarterContent/Particles/Materials/M_explosion_subUV.uasset" 507
"../../../../../../Users/Damen/Desktop/FortKnight/Content/StarterContent/Textures/T_Smoke_SubUV.uasset" 508
"../../../../../../Users/Damen/Desktop/FortKnight/Content/StarterContent/Textures/T_Smoke_Tiled_D.uasset" 509
"../../../../../../Users/Damen/Desktop/FortKnight/Content/StarterContent/Particles/Materials/M_smoke_subUV.uasset" 510
"../../../Engine/Content/Functions/Engine_MaterialFunctions02/Utility/BlendAngleCorrectedNormals.uasset" 511
"../../../../../../Users/Damen/Desktop/FortKnight/Content/WaterPlane/Environment/Textures/T_Detail_Rocky_N.uasset" 512
"../../../../../../Users/Damen/Desktop/FortKnight/Content/WaterPlane/Environment/Textures/T_Rock_Basalt_D.uasset" 513
"../../../../../../Users/Damen/Desktop/FortKnight/Content/WaterPlane/Environment/Textures/T_RockMesh_M.uasset" 514
"../../../../../../Users/Damen/Desktop/FortKnight/Content/WaterPlane/Environment/Textures/T_RockMesh_N.uasset" 515
"../../../../../../Users/Damen/Desktop/FortKnight/Content/WaterPlane/Environment/Props/Materials/M_Rock.uasset" 516
"../../../../../../Users/Damen/Desktop/FortKnight/Content/FortKnight/Meshes/StaticMeshes/Rocks/Rock5.uasset" 517
"../../../../../../Users/Damen/Desktop/FortKnight/Content/FortKnight/Particle/FireBall/FireBallImpact.uasset" 518
"../../../../../../Users/Damen/Desktop/FortKnight/Content/FortKnight/Blueprints/Abilities/Upgrades/Explosive_Upgrade.uasset" 519
"../../../../../../Users/Damen/Desktop/FortKnight/Content/FortKnight/Blueprints/EnumsStructs/AbilityState.uasset" 520
"../../../../../../Users/Damen/Desktop/FortKnight/Content/FortKnight/TexturesImages/border.uasset" 521
"../../../../../../Users/Damen/Desktop/FortKnight/Content/FortKnight/Blueprints/Widgets/AbilityIcon.uasset" 522
"../../../Engine/Content/BasicShapes/Cylinder.uasset" 523
"../../../../../../Users/Damen/Desktop/FortKnight/Content/StarterContent/Textures/T_Fire_SubUV.uasset" 524
"../../../../../../Users/Damen/Desktop/FortKnight/Content/StarterContent/Textures/T_Fire_Tiled_D.uasset" 525
"../../../../../../Users/Damen/Desktop/FortKnight/Content/StarterContent/Particles/Materials/M_Fire_SubUV.uasset" 526
"../../../../../../Users/Damen/Desktop/FortKnight/Content/StarterContent/Textures/T_Water_N.uasset" 527
"../../../../../../Users/Damen/Desktop/FortKnight/Content/StarterContent/Particles/Materials/M_Heat_Distortion.uasset" 528
"../../../../../../Users/Damen/Desktop/FortKnight/Content/StarterContent/Particles/Materials/M_Radial_Gradient.uasset" 529
"../../../../../../Users/Damen/Desktop/FortKnight/Content/StarterContent/Particles/P_Fire.uasset" 530
"../../../../../../Users/Damen/Desktop/FortKnight/Content/FortKnight/Blueprints/Weapons/Torch.uasset" 531
"../../../../../../Users/Damen/Desktop/FortKnight/Content/FortKnight/Blueprints/AI/Enemy/Basic/Basic.uasset" 532
"../../../../../../Users/Damen/Desktop/FortKnight/Content/FortKnight/Meshes/StaticMeshes/Weapons/NewAxe.uasset" 533
"../../../../../../Users/Damen/Desktop/FortKnight/Content/FortKnight/Blueprints/Weapons/Axe.uasset" 534
"../../../../../../Users/Damen/Desktop/FortKnight/Content/FortKnight/Blueprints/AI/Enemy/Beserker/Beserker.uasset" 535
"../../../../../../Users/Damen/Desktop/FortKnight/Content/FortKnight/Blueprints/AI/Enemy/Hunter/Hunter.uasset" 536
"../../../../../../Users/Damen/Desktop/FortKnight/Content/FortKnight/Blueprints/Components/SpawnPoint.uasset" 537
"../../../../../../Users/Damen/Desktop/FortKnight/Content/FortKnight/Blueprints/AIDirector.uasset" 538
"../../../../../../Users/Damen/Desktop/FortKnight/Content/FortKnight/Blueprints/Buildings/SmallBuilding.uasset" 539
"../../../../../../Users/Damen/Desktop/FortKnight/Content/FortKnight/Blueprints/Abilities/SpellAbility.uasset" 540
"../../../../../../Users/Damen/Desktop/FortKnight/Content/FortKnight/Audio/Wavs/Blizzard.uasset" 541
"../../../../../../Users/Damen/Desktop/FortKnight/Content/FortKnight/Audio/Cues/Blizzard_Persistent.uasset" 542
"../../../../../../Users/Damen/Desktop/FortKnight/Content/Elemental/Effects/FX_Interaction_Effects/Textures/T_Smoke_Soft_Tile.uasset" 543
"../../../../../../Users/Damen/Desktop/FortKnight/Content/Elemental/Effects/Fx_Snow/Textures/T_ImpactDust_01.uasset" 544
"../../../../../../Users/Damen/Desktop/FortKnight/Content/Elemental/Effects/Fx_Snow/Textures/T_Steam_05_2048.uasset" 545
"../../../../../../Users/Damen/Desktop/FortKnight/Content/Elemental/Effects/FX_Snow_Cracks/Crack_02/Materials/Snow_SubUV.uasset" 546
"../../../../../../Users/Damen/Desktop/FortKnight/Content/FortKnight/Particle/Blizzard/Snow.uasset" 547
"../../../../../../Users/Damen/Desktop/FortKnight/Content/FortKnight/Particle/Blizzard/Snow_Unlit_M.uasset" 548
"../../../../../../Users/Damen/Desktop/FortKnight/Content/FortKnight/Particle/Blizzard/snowFlake_.uasset" 549
"../../../../../../Users/Damen/Desktop/FortKnight/Content/FortKnight/Particle/Blizzard/SnowFlake_Unlit_M.uasset" 550
"../../../../../../Users/Damen/Desktop/FortKnight/Content/FortKnight/Particle/Blizzard/P_Blizzard.uasset" 551
"../../../../../../Users/Damen/Desktop/FortKnight/Content/FortKnight/Blueprints/Abilities/SpellObjects/Blizzard.uasset" 552
"../../../../../../Users/Damen/Desktop/FortKnight/Content/FortKnight/Particle/Blizzard/BlizzardCircle_P2.uasset" 553
"../../../../../../Users/Damen/Desktop/FortKnight/Content/FortKnight/TexturesImages/Abilities/Cool_Blizz.uasset" 554
"../../../../../../Users/Damen/Desktop/FortKnight/Content/FortKnight/TexturesImages/Abilities/Full_Blizz.uasset" 555
"../../../../../../Users/Damen/Desktop/FortKnight/Content/FortKnight/Blueprints/Abilities/BlizzardAbility.uasset" 556
"../../../../../../Users/Damen/Desktop/FortKnight/Content/FortKnight/Blueprints/Effects/MeteorCameraShake.uasset" 557
"../../../../../../Users/Damen/Desktop/FortKnight/Content/FortKnight/Audio/Wavs/Meteor_Atmosphere.uasset" 558
"../../../../../../Users/Damen/Desktop/FortKnight/Content/FortKnight/Audio/Cues/MeteorFlying.uasset" 559
"../../../../../../Users/Damen/Desktop/FortKnight/Content/FortKnight/Audio/Wavs/Meteor_Impact.uasset" 560
"../../../../../../Users/Damen/Desktop/FortKnight/Content/FortKnight/Audio/Cues/MeteorImpact.uasset" 561
"../../../../../../Users/Damen/Desktop/FortKnight/Content/FortKnight/Meshes/StaticMeshes/Rocks/Rock1.uasset" 562
"../../../../../../Users/Damen/Desktop/FortKnight/Content/Material/Particle/T_Explosion_SubUV.uasset" 563
"../../../../../../Users/Damen/Desktop/FortKnight/Content/Material/Particle/Tile_Fire_001.uasset" 564
"../../../../../../Users/Damen/Desktop/FortKnight/Content/Material/Particle/M_Explosion_SubUV.uasset" 565
"../../../../../../Users/Damen/Desktop/FortKnight/Content/FortKnight/Particle/Meteor/MeteorAtmosphere.uasset" 566
"../../../../../../Users/Damen/Desktop/FortKnight/Content/FortKnight/Particle/Meteor/MeteorImpact.uasset" 567
"../../../../../../Users/Damen/Desktop/FortKnight/Content/FortKnight/Blueprints/Abilities/SpellObjects/Meteor.uasset" 568
"../../../../../../Users/Damen/Desktop/FortKnight/Content/FortKnight/TexturesImages/Abilities/Cool_Meteor.uasset" 569
"../../../../../../Users/Damen/Desktop/FortKnight/Content/FortKnight/TexturesImages/Abilities/Full_Meteor.uasset" 570
"../../../../../../Users/Damen/Desktop/FortKnight/Content/FortKnight/Blueprints/Abilities/MeteorAbility.uasset" 571
"../../../../../../Users/Damen/Desktop/FortKnight/Content/FortKnight/Meshes/StaticMeshes/Buildings/Black5.uasset" 572
"../../../../../../Users/Damen/Desktop/FortKnight/Content/FortKnight/Meshes/StaticMeshes/Buildings/Cobblestone5.uasset" 573
"../../../../../../Users/Damen/Desktop/FortKnight/Content/FortKnight/Meshes/StaticMeshes/Buildings/Stone4.uasset" 574
"../../../../../../Users/Damen/Desktop/FortKnight/Content/FortKnight/Meshes/StaticMeshes/Buildings/Wood10.uasset" 575
"../../../../../../Users/Damen/Desktop/FortKnight/Content/FortKnight/Meshes/StaticMeshes/Buildings/WizardTower.uasset" 576
"../../../../../../Users/Damen/Desktop/FortKnight/Content/FortKnight/Meshes/StaticMeshes/Buildings/WizardTower_DM.uasset" 577
"../../../../../../Users/Damen/Desktop/FortKnight/Content/FortKnight/Audio/Wavs/Fire-loop.uasset" 578
"../../../../../../Users/Damen/Desktop/FortKnight/Content/FortKnight/Audio/Cues/Fireball_Persistent.uasset" 579
"../../../../../../Users/Damen/Desktop/FortKnight/Content/FortKnight/Particle/FireBall/FireballThrow.uasset" 580
"../../../../../../Users/Damen/Desktop/FortKnight/Content/FortKnight/Blueprints/Abilities/SpellObjects/Fireball.uasset" 581
"../../../../../../Users/Damen/Desktop/FortKnight/Content/FortKnight/Audio/Wavs/throwFireBall.uasset" 582
"../../../../../../Users/Damen/Desktop/FortKnight/Content/FortKnight/Audio/Cues/Fireball_Cast.uasset" 583
"../../../../../../Users/Damen/Desktop/FortKnight/Content/FortKnight/Blueprints/Widgets/MissileAimer.uasset" 584
"../../../../../../Users/Damen/Desktop/FortKnight/Content/FortKnight/TexturesImages/Abilities/Cool_Fire.uasset" 585
"../../../../../../Users/Damen/Desktop/FortKnight/Content/FortKnight/TexturesImages/Abilities/Full_Fire.uasset" 586
"../../../../../../Users/Damen/Desktop/FortKnight/Content/FortKnight/Blueprints/Abilities/FireballAbility.uasset" 587
"../../../../../../Users/Damen/Desktop/FortKnight/Content/FortKnight/Blueprints/Widgets/AbilityShopOption.uasset" 588
"../../../../../../Users/Damen/Desktop/FortKnight/Content/FortKnight/TexturesImages/border_metal.uasset" 589
"../../../../../../Users/Damen/Desktop/FortKnight/Content/FortKnight/TexturesImages/border_wood.uasset" 590
"../../../../../../Users/Damen/Desktop/FortKnight/Content/FortKnight/TexturesImages/close.uasset" 591
"../../../../../../Users/Damen/Desktop/FortKnight/Content/FortKnight/Blueprints/Widgets/AbilityShop.uasset" 592
"../../../../../../Users/Damen/Desktop/FortKnight/Content/FortKnight/Blueprints/Buildings/WizardTower.uasset" 593
"../../../../../../Users/Damen/Desktop/FortKnight/Content/FortKnight/TexturesImages/button_noshadow.uasset" 594
"../../../../../../Users/Damen/Desktop/FortKnight/Content/FortKnight/TexturesImages/UI_border.uasset" 595
"../../../../../../Users/Damen/Desktop/FortKnight/Content/FortKnight/Blueprints/Widgets/ControlsPanel.uasset" 596
"../../../../../../Users/Damen/Desktop/FortKnight/Content/FortKnight/Blueprints/Widgets/Instructions.uasset" 597
"../../../../../../Users/Damen/Desktop/FortKnight/Content/FortKnight/TexturesImages/BuildingBar.uasset" 598
"../../../../../../Users/Damen/Desktop/FortKnight/Content/FortKnight/TexturesImages/BuildingBar_Yellow.uasset" 599
"../../../../../../Users/Damen/Desktop/FortKnight/Content/FortKnight/Blueprints/Widgets/BuildingHealth.uasset" 600
"../../../../../../Users/Damen/Desktop/FortKnight/Content/FortKnight/TexturesImages/Sonar_Highlight.uasset" 601
"../../../../../../Users/Damen/Desktop/FortKnight/Content/FortKnight/TexturesImages/Sonar_Ring.uasset" 602
"../../../../../../Users/Damen/Desktop/FortKnight/Content/FortKnight/Blueprints/Widgets/BuildingPing.uasset" 603
"../../../../../../Users/Damen/Desktop/FortKnight/Content/FortKnight/TexturesImages/button.uasset" 604
"../../../../../../Users/Damen/Desktop/FortKnight/Content/FortKnight/Blueprints/Widgets/KeyBindingOption.uasset" 605
"../../../../../../Users/Damen/Desktop/FortKnight/Content/FortKnight/TexturesImages/panel.uasset" 606
"../../../../../../Users/Damen/Desktop/FortKnight/Content/FortKnight/Blueprints/Widgets/ControlBindings.uasset" 607
"../../../../../../Users/Damen/Desktop/FortKnight/Content/FortKnight/TexturesImages/building_icon.uasset" 608
"../../../../../../Users/Damen/Desktop/FortKnight/Content/FortKnight/TexturesImages/citizen_icon.uasset" 609
"../../../../../../Users/Damen/Desktop/FortKnight/Content/FortKnight/TexturesImages/recruit_icon.uasset" 610
"../../../../../../Users/Damen/Desktop/FortKnight/Content/FortKnight/Blueprints/Widgets/LivingCounter.uasset" 611
"../../../../../../Users/Damen/Desktop/FortKnight/Content/FortKnight/Blueprints/Widgets/MapProjection.uasset" 612
"../../../../../../Users/Damen/Desktop/FortKnight/Content/FortKnight/TexturesImages/cursor.uasset" 613
"../../../../../../Users/Damen/Desktop/FortKnight/Content/FortKnight/TexturesImages/map_big.uasset" 614
"../../../../../../Users/Damen/Desktop/FortKnight/Content/FortKnight/Blueprints/Widgets/MainMap.uasset" 615
"../../../../../../Users/Damen/Desktop/FortKnight/Content/FortKnight/Blueprints/Widgets/MainMenu.uasset" 616
"../../../../../../Users/Damen/Desktop/FortKnight/Content/FortKnight/TexturesImages/Sonar_Map_Highlight.uasset" 617
"../../../../../../Users/Damen/Desktop/FortKnight/Content/FortKnight/TexturesImages/Sonar_Map_Ring.uasset" 618
"../../../../../../Users/Damen/Desktop/FortKnight/Content/FortKnight/Blueprints/Widgets/MapPing.uasset" 619
"../../../../../../Users/Damen/Desktop/FortKnight/Content/FortKnight/TexturesImages/Healthbar.uasset" 620
"../../../../../../Users/Damen/Desktop/FortKnight/Content/FortKnight/TexturesImages/Healthbar_Red.uasset" 621
"../../../../../../Users/Damen/Desktop/FortKnight/Content/FortKnight/Blueprints/Widgets/PlayerHealthBar.uasset" 622
"../../../../../../Users/Damen/Desktop/FortKnight/Content/FortKnight/TexturesImages/scroller_center_bar.uasset" 623
"../../../../../../Users/Damen/Desktop/FortKnight/Content/FortKnight/TexturesImages/scroller_noshadow.uasset" 624
"../../../../../../Users/Damen/Desktop/FortKnight/Content/FortKnight/Blueprints/Widgets/Settings.uasset" 625
"../../../../../../Users/Damen/Desktop/FortKnight/Content/FortKnight/Blueprints/Widgets/UpgradeShopOption.uasset" 626
"../../../../../../Users/Damen/Desktop/FortKnight/Content/FortKnight/Blueprints/Widgets/UpgradeShop.uasset" 627
"../../../../../../Users/Damen/Desktop/FortKnight/Content/FortKnight/TexturesImages/arrow_UI.uasset" 628
"../../../../../../Users/Damen/Desktop/FortKnight/Content/FortKnight/TexturesImages/Map_Border.uasset" 629
"../../../../../../Users/Damen/Desktop/FortKnight/Content/FortKnight/Blueprints/Widgets/HUD.uasset" 630
"../../../../../../Users/Damen/Desktop/FortKnight/Content/FortKnight/Blueprints/FK_PlayerController.uasset" 631
"../../../../../../Users/Damen/Desktop/FortKnight/Content/StarterContent/Textures/T_Brick_Cut_Stone_D.uasset" 632
"../../../../../../Users/Damen/Desktop/FortKnight/Content/StarterContent/Textures/T_Brick_Cut_Stone_N.uasset" 633
"../../../../../../Users/Damen/Desktop/FortKnight/Content/StarterContent/Materials/M_Brick_Cut_Stone.uasset" 634
"../../../../../../Users/Damen/Desktop/FortKnight/Content/FortKnight/Meshes/StaticMeshes/Buildings/Castle.uasset" 635
"../../../../../../Users/Damen/Desktop/FortKnight/Content/FortKnight/Meshes/StaticMeshes/Buildings/Keep2__1_.uasset" 636
"../../../../../../Users/Damen/Desktop/FortKnight/Content/FortKnight/Blueprints/Keep.uasset" 637
"../../../Engine/Content/EngineSounds/Music.uasset" 638
"../../../../../../Users/Damen/Desktop/FortKnight/Content/FortKnight/Audio/Wavs/Blue-Ridge.uasset" 639
"../../../../../../Users/Damen/Desktop/FortKnight/Content/FortKnight/Audio/Cues/BlueRidgeCue.uasset" 640
"../../../../../../Users/Damen/Desktop/FortKnight/Content/FortKnight/Audio/Wavs/Tower-Defense_Looping.uasset" 641
"../../../../../../Users/Damen/Desktop/FortKnight/Content/FortKnight/Audio/Cues/TowerDefenseCue.uasset" 642
"../../../../../../Users/Damen/Desktop/FortKnight/Content/FortKnight/Blueprints/EnumsStructs/GameManagerState.uasset" 643
"../../../../../../Users/Damen/Desktop/FortKnight/Content/FortKnight/Blueprints/Widgets/DeathScreen.uasset" 644
"../../../../../../Users/Damen/Desktop/FortKnight/Content/FortKnight/Blueprints/Widgets/RoundStart.uasset" 645
"../../../../../../Users/Damen/Desktop/FortKnight/Content/FortKnight/Blueprints/FK_GameMode.uasset" 646
"../../../../../../Users/Damen/Desktop/FortKnight/Content/FortKnight/Blueprints/Widgets/MapIcon.uasset" 647
"../../../../../../Users/Damen/Desktop/FortKnight/Content/FortKnight/Blueprints/Widgets/AbilityBar.uasset" 648
"../../../../../../Users/Damen/Desktop/FortKnight/Content/FortKnight/Blueprints/Components/SpellCastingComponent.uasset" 649
"../../../../../../Users/Damen/Desktop/FortKnight/Content/FortKnight/Audio/Wavs/magicSelect.uasset" 650
"../../../../../../Users/Damen/Desktop/FortKnight/Content/FortKnight/Audio/Cues/Default_Cast.uasset" 651
"../../../../../../Users/Damen/Desktop/FortKnight/Content/FortKnight/Blueprints/Abilities/AbilityBase.uasset" 652
"../../../../../../Users/Damen/Desktop/FortKnight/Content/FortKnight/Blueprints/AnimBPs/PlayerAnimBP.uasset" 653
"../../../Engine/Content/EngineSounds/Voice.uasset" 654
"../../../../../../Users/Damen/Desktop/FortKnight/Content/FortKnight/Audio/Wavs/Run_footsteps.uasset" 655
"../../../../../../Users/Damen/Desktop/FortKnight/Content/FortKnight/Audio/Cues/Player_Run.uasset" 656
"../../../../../../Users/Damen/Desktop/FortKnight/Content/FortKnight/Audio/Cues/Player_Walk.uasset" 657
"../../../../../../Users/Damen/Desktop/FortKnight/Content/FortKnight/Meshes/Ally/Ally_Skin_Material.uasset" 658
"../../../../../../Users/Damen/Desktop/FortKnight/Content/FortKnight/Meshes/Player/Player_PhysicsAsset.uasset" 659
"../../../../../../Users/Damen/Desktop/FortKnight/Content/FortKnight/Meshes/Player/Player.uasset" 660
"../../../../../../Users/Damen/Desktop/FortKnight/Content/FortKnight/FK_PlayerCharacter.uasset" 661
"../../../../../../Users/Damen/Desktop/FortKnight/Content/FortKnight/Meshes/Enemy/Enemy_Eyes_Material.uasset" 662
"../../../../../../Users/Damen/Desktop/FortKnight/Content/FortKnight/Meshes/Enemy/Enemy_Hair_Material.uasset" 663
"../../../../../../Users/Damen/Desktop/FortKnight/Content/FortKnight/Meshes/Enemy/Enemy_Tunic_Cloth_Material.uasset" 664
"../../../../../../Users/Damen/Desktop/FortKnight/Content/FortKnight/Meshes/Enemy/Enemy_Underwear_Material.uasset" 665
"../../../../../../Users/Damen/Desktop/FortKnight/Content/AutomotiveMaterials/Materials/Leather/MI_Leather_06_Tan.uasset" 666
"../../../../../../Users/Damen/Desktop/FortKnight/Content/FortKnight/Meshes/Enemy/Enemy_Physics.uasset" 667
"../../../../../../Users/Damen/Desktop/FortKnight/Content/FortKnight/Meshes/Enemy/Enemy.uasset" 668
"../../../../../../Users/Damen/Desktop/FortKnight/Content/FortKnight/Blueprints/AI/Enemy/Enemy.uasset" 669
"../../../../../../Users/Damen/Desktop/FortKnight/Content/FortKnight/Blueprints/AI/Enemy/FK_AI_Attack.uasset" 670
"../../../../../../Users/Damen/Desktop/FortKnight/Content/FortKnight/Blueprints/AI/Enemy/FK_Enemy_FindTarget.uasset" 671
"../../../../../../Users/Damen/Desktop/FortKnight/Content/FortKnight/Blueprints/AI/Enemy/EnemyTree.uasset" 672
"../../../../../../Users/Damen/Desktop/FortKnight/Content/FortKnight/Blueprints/AI/Enemy/FK_AIController.uasset" 673
"../../../../../../Users/Damen/Desktop/FortKnight/Content/FortKnight/Audio/Wavs/Soldier_Death1.uasset" 674
"../../../../../../Users/Damen/Desktop/FortKnight/Content/FortKnight/Audio/Wavs/Soldier_Death2.uasset" 675
"../../../../../../Users/Damen/Desktop/FortKnight/Content/FortKnight/Audio/Cues/AllyDeath.uasset" 676
"../../../../../../Users/Damen/Desktop/FortKnight/Content/FortKnight/Audio/Wavs/Soldier_Fight1.uasset" 677
"../../../../../../Users/Damen/Desktop/FortKnight/Content/FortKnight/Audio/Wavs/Soldier_Fight2.uasset" 678
"../../../../../../Users/Damen/Desktop/FortKnight/Content/FortKnight/Audio/Wavs/Soldier_Fight3.uasset" 679
"../../../../../../Users/Damen/Desktop/FortKnight/Content/FortKnight/Audio/Wavs/Soldier_Fight4.uasset" 680
"../../../../../../Users/Damen/Desktop/FortKnight/Content/FortKnight/Audio/Cues/AllyFight.uasset" 681
"../../../Engine/Content/Functions/MaterialLayerFunctions/MatLayerBlend_NormalBlend.uasset" 682
"../../../Engine/Content/Functions/MaterialLayerFunctions/MatLayerBlend_Simple.uasset" 683
"../../../../../../Users/Damen/Desktop/FortKnight/Content/Mannequin/Character/Materials/MaterialLayers/T_ML_Rubber_Blue_01_D.uasset" 684
"../../../../../../Users/Damen/Desktop/FortKnight/Content/Mannequin/Character/Materials/MaterialLayers/T_ML_Rubber_Blue_01_N.uasset" 685
"../../../../../../Users/Damen/Desktop/FortKnight/Content/Mannequin/Character/Materials/MaterialLayers/ML_GlossyBlack_Latex_UE4.uasset" 686
"../../../../../../Users/Damen/Desktop/FortKnight/Content/Mannequin/Character/Materials/MaterialLayers/ML_Plastic_Shiny_Beige.uasset" 687
"../../../../../../Users/Damen/Desktop/FortKnight/Content/Mannequin/Character/Textures/UE4_LOGO_CARD.uasset" 688
"../../../../../../Users/Damen/Desktop/FortKnight/Content/Mannequin/Character/Materials/MaterialLayers/ML_Plastic_Shiny_Beige_LOGO.uasset" 689
"../../../../../../Users/Damen/Desktop/FortKnight/Content/Mannequin/Character/Materials/MaterialLayers/T_ML_Aluminum01.uasset" 690
"../../../../../../Users/Damen/Desktop/FortKnight/Content/Mannequin/Character/Materials/MaterialLayers/T_ML_Aluminum01_N.uasset" 691
"../../../../../../Users/Damen/Desktop/FortKnight/Content/Mannequin/Character/Materials/MaterialLayers/ML_SoftMetal_UE4.uasset" 692
"../../../../../../Users/Damen/Desktop/FortKnight/Content/Mannequin/Character/Textures/UE4_Mannequin__normals.uasset" 693
"../../../../../../Users/Damen/Desktop/FortKnight/Content/Mannequin/Character/Textures/UE4_Mannequin_MAT_MASKA.uasset" 694
"../../../../../../Users/Damen/Desktop/FortKnight/Content/Mannequin/Character/Materials/M_UE4Man_Body.uasset" 695
"../../../../../../Users/Damen/Desktop/FortKnight/Content/Mannequin/Character/Textures/UE4Man_Logo_N.uasset" 696
"../../../../../../Users/Damen/Desktop/FortKnight/Content/Mannequin/Character/Materials/M_UE4Man_ChestLogo.uasset" 697
"../../../../../../Users/Damen/Desktop/FortKnight/Content/Mannequin/Character/Mesh/SK_Mannequin_PhysicsAsset.uasset" 698
"../../../../../../Users/Damen/Desktop/FortKnight/Content/Mannequin/Character/Mesh/SK_Mannequin.uasset" 699
"../../../../../../Users/Damen/Desktop/FortKnight/Content/FortKnight/Blueprints/AI/Unit.uasset" 700
"../../../../../../Users/Damen/Desktop/FortKnight/Content/FortKnight/Blueprints/AI/AllyBlackboard.uasset" 701
"../../../../../../Users/Damen/Desktop/FortKnight/Content/FortKnight/Blueprints/AI/Enemy/CheckTargetAttackable.uasset" 702
"../../../../../../Users/Damen/Desktop/FortKnight/Content/FortKnight/Blueprints/AI/CheckTargetAttackable_New.uasset" 703
"../../../../../../Users/Damen/Desktop/FortKnight/Content/FortKnight/Blueprints/AI/PatrolPath.uasset" 704
"../../../../../../Users/Damen/Desktop/FortKnight/Content/FortKnight/Blueprints/AI/GetNextPatrolPoint.uasset" 705
"../../../../../../Users/Damen/Desktop/FortKnight/Content/FortKnight/Blueprints/AI/UpdateBuildingUnderAttack.uasset" 706
"../../../../../../Users/Damen/Desktop/FortKnight/Content/FortKnight/Blueprints/AI/AllyTree.uasset" 707
"../../../../../../Users/Damen/Desktop/FortKnight/Content/FortKnight/Blueprints/AI/FK_Ally_AIController.uasset" 708
"../../../../../../Users/Damen/Desktop/FortKnight/Content/FortKnight/Materials/AllyCoat.uasset" 709
"../../../../../../Users/Damen/Desktop/FortKnight/Content/FortKnight/Meshes/Ally/Ally_Eye_Material.uasset" 710
"../../../../../../Users/Damen/Desktop/FortKnight/Content/FortKnight/Meshes/Enemy/Enemy_Boots_Material.uasset" 711
"../../../../../../Users/Damen/Desktop/FortKnight/Content/FortKnight/Meshes/Ally/Ally_PhysicsAsset.uasset" 712
"../../../../../../Users/Damen/Desktop/FortKnight/Content/FortKnight/Meshes/Ally/Ally.uasset" 713
"../../../../../../Users/Damen/Desktop/FortKnight/Content/FortKnight/Blueprints/AI/Ally.uasset" 714
"../../../../../../Users/Damen/Desktop/FortKnight/Content/FortKnight/Audio/Wavs/River.uasset" 715
"../../../../../../Users/Damen/Desktop/FortKnight/Content/FortKnight/Audio/Cues/Fountain.uasset" 716
"../../../../../../Users/Damen/Desktop/FortKnight/Content/FortKnight/Meshes/StaticMeshes/Scenery/FountainMaterial_003.uasset" 717
"../../../../../../Users/Damen/Desktop/FortKnight/Content/FortKnight/Meshes/StaticMeshes/Scenery/Fountain3.uasset" 718
"../../../../../../Users/Damen/Desktop/FortKnight/Content/FortKnight/Blueprints/Scenery/Fountain4_Blueprint.uasset" 719
"../../../Engine/Content/EngineSky/C_Sky_Cloud_Color.uasset" 720
"../../../Engine/Content/EngineSky/C_Sky_Horizon_Color.uasset" 721
"../../../Engine/Content/EngineSky/C_Sky_Zenith_Color.uasset" 722
"../../../Engine/Content/EngineSky/T_Sky_Blue.uasset" 723
"../../../Engine/Content/EngineSky/T_Sky_Clouds_M.uasset" 724
"../../../Engine/Content/EngineSky/T_Sky_Stars.uasset" 725
"../../../Engine/Content/EngineSky/M_Sky_Panning_Clouds2.uasset" 726
"../../../Engine/Content/EngineSky/SM_SkySphere.uasset" 727
"../../../Engine/Content/EngineSky/BP_Sky_Sphere.uasset" 728
"../../../../../../Users/Damen/Desktop/FortKnight/Content/StarterContent/Textures/T_Metal_Steel_D.uasset" 729
"../../../../../../Users/Damen/Desktop/FortKnight/Content/StarterContent/Textures/T_Metal_Steel_N.uasset" 730
"../../../../../../Users/Damen/Desktop/FortKnight/Content/StarterContent/Materials/M_Metal_Steel.uasset" 731
"../../../../../../Users/Damen/Desktop/FortKnight/Content/StarterContent/Textures/T_Statue_M.uasset" 732
"../../../../../../Users/Damen/Desktop/FortKnight/Content/StarterContent/Textures/T_Statue_N.uasset" 733
"../../../../../../Users/Damen/Desktop/FortKnight/Content/StarterContent/Props/Materials/M_StatueGlass.uasset" 734
"../../../../../../Users/Damen/Desktop/FortKnight/Content/FortKnight/Meshes/StaticMeshes/Scenery/Lamp.uasset" 735
"../../../../../../Users/Damen/Desktop/FortKnight/Content/FortKnight/Blueprints/Scenery/LampBP.uasset" 736
"../../../Engine/Content/Functions/Engine_MaterialFunctions03/ComplexMotion/Motion_4WayChaos.uasset" 737
"../../../Engine/Content/Engine_MI_Shaders/T_Base_Tile_Normal.uasset" 738
"../../../Engine/Content/Functions/Engine_MaterialFunctions03/ComplexMotion/Motion_4WayChaos_Normal.uasset" 739
"../../../../../../Users/Damen/Desktop/FortKnight/Content/WaterPlane/Lake/Textures/T_MediumWaves_H.uasset" 740
"../../../../../../Users/Damen/Desktop/FortKnight/Content/WaterPlane/Lake/Textures/T_MediumWaves_N.uasset" 741
"../../../../../../Users/Damen/Desktop/FortKnight/Content/WaterPlane/Lake/Textures/T_SmallWaves_N.uasset" 742
"../../../../../../Users/Damen/Desktop/FortKnight/Content/WaterPlane/Lake/Materials/M_LakeWater_01.uasset" 743
"../../../../../../Users/Damen/Desktop/FortKnight/Content/WaterPlane/Ocean/Textures/T_LargeWaves_H.uasset" 744
"../../../../../../Users/Damen/Desktop/FortKnight/Content/WaterPlane/Lake/Materials/M_LakeWater_01_Inst.uasset" 745
"../../../Engine/Content/MapTemplates/Sky/DaylightAmbientCubemap.uasset" 746
"../../../../../../Users/Damen/Desktop/FortKnight/Content/WaterPlane/Ocean/Materials/OceanWater_SS.uasset" 747
"../../../../../../Users/Damen/Desktop/FortKnight/Content/WaterPlane/Ocean/Textures/T_LargeWaves_N.uasset" 748
"../../../../../../Users/Damen/Desktop/FortKnight/Content/WaterPlane/Ocean/Textures/T_Seafoam_01.uasset" 749
"../../../../../../Users/Damen/Desktop/FortKnight/Content/WaterPlane/Ocean/Materials/M_OceanWater_1.uasset" 750
"../../../Engine/Content/MapTemplates/Sky/Desert_Outer_HDR.uasset" 751
"../../../../../../Users/Damen/Desktop/FortKnight/Content/WaterPlane/Ocean/Materials/M_OceanWater_1_Inst.uasset" 752
"../../../../../../Users/Damen/Desktop/FortKnight/Content/WaterPlane/Meshes/SM_OceanWater.uasset" 753
"../../../../../../Users/Damen/Desktop/FortKnight/Content/WaterPlane/Lake/Blueprint/BP_LakeWater.uasset" 754
"../../../../../../Users/Damen/Desktop/FortKnight/Content/WaterPlane/Ocean/Blueprint/BP_OceanWater.uasset" 755
"../../../../../../Users/Damen/Desktop/FortKnight/Content/FortKnight/Maps/Main/Main_sharedassets/Basalt_LayerInfo.uasset" 756
"../../../../../../Users/Damen/Desktop/FortKnight/Content/FortKnight/Maps/Main/Main_sharedassets/Brick_Cut_Stone_LayerInfo.uasset" 757
"../../../../../../Users/Damen/Desktop/FortKnight/Content/FortKnight/Maps/Main/Main_sharedassets/Cobblestone_Pebble_LayerInfo.uasset" 758
"../../../../../../Users/Damen/Desktop/FortKnight/Content/FortKnight/Maps/Main/Main_sharedassets/Grass_LayerInfo.uasset" 759
"../../../../../../Users/Damen/Desktop/FortKnight/Content/FortKnight/Maps/Main/Main_sharedassets/Gravel_LayerInfo.uasset" 760
"../../../../../../Users/Damen/Desktop/FortKnight/Content/FortKnight/Maps/Main/Main_sharedassets/Moss_LayerInfo.uasset" 761
"../../../../../../Users/Damen/Desktop/FortKnight/Content/FortKnight/Maps/Main/Main_BuiltData.uasset" 762
"../../../../../../Users/Damen/Desktop/FortKnight/Content/StarterContent/Textures/T_CobbleStone_Pebble_D.uasset" 763
"../../../../../../Users/Damen/Desktop/FortKnight/Content/StarterContent/Textures/T_CobbleStone_Pebble_M.uasset" 764
"../../../../../../Users/Damen/Desktop/FortKnight/Content/StarterContent/Textures/T_CobbleStone_Pebble_N.uasset" 765
"../../../../../../Users/Damen/Desktop/FortKnight/Content/StarterContent/Textures/T_Ground_Grass_D.uasset" 766
"../../../../../../Users/Damen/Desktop/FortKnight/Content/StarterContent/Textures/T_Ground_Grass_N.uasset" 767
"../../../../../../Users/Damen/Desktop/FortKnight/Content/StarterContent/Textures/T_Ground_Gravel_D.uasset" 768
"../../../../../../Users/Damen/Desktop/FortKnight/Content/StarterContent/Textures/T_Ground_Gravel_N.uasset" 769
"../../../../../../Users/Damen/Desktop/FortKnight/Content/StarterContent/Textures/T_ground_Moss_D.uasset" 770
"../../../../../../Users/Damen/Desktop/FortKnight/Content/StarterContent/Textures/T_Ground_Moss_N.uasset" 771
"../../../../../../Users/Damen/Desktop/FortKnight/Content/StarterContent/Textures/T_Rock_Basalt_D.uasset" 772
"../../../../../../Users/Damen/Desktop/FortKnight/Content/StarterContent/Textures/T_Rock_Basalt_N.uasset" 773
"../../../../../../Users/Damen/Desktop/FortKnight/Content/FortKnight/Materials/LandscapeMaterial.uasset" 774
"../../../Engine/Content/ArtTools/RenderToTexture/MaterialFunctions/FlipbookWind.uasset" 775
"../../../../../../Users/Damen/Desktop/FortKnight/Content/FoliageStarterKit/Textures/Placeholder/tex_diffuse.uasset" 776
"../../../../../../Users/Damen/Desktop/FortKnight/Content/FoliageStarterKit/Material/Master_Material/M_grass_basic.uasset" 777
"../../../../../../Users/Damen/Desktop/FortKnight/Content/FoliageStarterKit/Textures/Trees/tex_leaves_diff.uasset" 778
"../../../../../../Users/Damen/Desktop/FortKnight/Content/FoliageStarterKit/Material/Child_Material/M_bush_basic_Inst.uasset" 779
"../../../../../../Users/Damen/Desktop/FortKnight/Content/FoliageStarterKit/Meshes/Bush/SM_bush1.uasset" 780
"../../../../../../Users/Damen/Desktop/FortKnight/Content/FoliageStarterKit/Meshes/Bush/SM_bush2.uasset" 781
"../../../../../../Users/Damen/Desktop/FortKnight/Content/FoliageStarterKit/Meshes/Bush/SM_bush3.uasset" 782
"../../../../../../Users/Damen/Desktop/FortKnight/Content/FoliageStarterKit/Meshes/Bush/SM_bush4.uasset" 783
"../../../../../../Users/Damen/Desktop/FortKnight/Content/FoliageStarterKit/Meshes/Bush/SM_bush5.uasset" 784
"../../../../../../Users/Damen/Desktop/FortKnight/Content/FoliageStarterKit/Meshes/Bush/SM_bush6.uasset" 785
"../../../../../../Users/Damen/Desktop/FortKnight/Content/FoliageStarterKit/Textures/Grass_Flower/tex_flower_red_diff.uasset" 786
"../../../../../../Users/Damen/Desktop/FortKnight/Content/FoliageStarterKit/Material/Child_Material/M_flower_basic_red_Inst.uasset" 787
"../../../../../../Users/Damen/Desktop/FortKnight/Content/FoliageStarterKit/Textures/Grass_Flower/tex_grass_diff.uasset" 788
"../../../../../../Users/Damen/Desktop/FortKnight/Content/FoliageStarterKit/Material/Child_Material/M_grass_basic_Inst.uasset" 789
"../../../../../../Users/Damen/Desktop/FortKnight/Content/FoliageStarterKit/Meshes/Field/SM_grass_flower_patch1.uasset" 790
"../../../../../../Users/Damen/Desktop/FortKnight/Content/FoliageStarterKit/Meshes/Field/SM_grass_flower_patch2.uasset" 791
"../../../../../../Users/Damen/Desktop/FortKnight/Content/FoliageStarterKit/Meshes/Field/SM_grass_flower_patch3.uasset" 792
"../../../../../../Users/Damen/Desktop/FortKnight/Content/FoliageStarterKit/Textures/Grass_Flower/tex_flower_pink_diff.uasset" 793
"../../../../../../Users/Damen/Desktop/FortKnight/Content/FoliageStarterKit/Material/Child_Material/M_flower_basic_pink_Inst.uasset" 794
"../../../../../../Users/Damen/Desktop/FortKnight/Content/FoliageStarterKit/Meshes/Field/SM_grass_flower_patch4.uasset" 795
"../../../../../../Users/Damen/Desktop/FortKnight/Content/FoliageStarterKit/Meshes/Field/SM_grass_flower_patch5.uasset" 796
"../../../../../../Users/Damen/Desktop/FortKnight/Content/FoliageStarterKit/Meshes/Field/SM_grass_flower_patch6.uasset" 797
"../../../../../../Users/Damen/Desktop/FortKnight/Content/FoliageStarterKit/Meshes/Flowers/SM_grass_flower1.uasset" 798
"../../../../../../Users/Damen/Desktop/FortKnight/Content/FoliageStarterKit/Meshes/Flowers/SM_grass_flower2.uasset" 799
"../../../../../../Users/Damen/Desktop/FortKnight/Content/FoliageStarterKit/Meshes/Flowers/SM_grass_flower3.uasset" 800
"../../../../../../Users/Damen/Desktop/FortKnight/Content/FoliageStarterKit/Meshes/Flowers/SM_grass_flower4.uasset" 801
"../../../../../../Users/Damen/Desktop/FortKnight/Content/FoliageStarterKit/Meshes/Flowers/SM_grass_flower5.uasset" 802
"../../../../../../Users/Damen/Desktop/FortKnight/Content/FoliageStarterKit/Meshes/Flowers/SM_grass_flower6.uasset" 803
"../../../../../../Users/Damen/Desktop/FortKnight/Content/FoliageStarterKit/Meshes/Flowers/SM_grass_patch_flower1.uasset" 804
"../../../../../../Users/Damen/Desktop/FortKnight/Content/FoliageStarterKit/Meshes/Flowers/SM_grass_patch_flower2.uasset" 805
"../../../../../../Users/Damen/Desktop/FortKnight/Content/FoliageStarterKit/Meshes/Flowers/SM_grass_patch_flower3.uasset" 806
"../../../../../../Users/Damen/Desktop/FortKnight/Content/FoliageStarterKit/Meshes/Flowers/SM_grass_patch_flower4.uasset" 807
"../../../../../../Users/Damen/Desktop/FortKnight/Content/FoliageStarterKit/Meshes/Flowers/SM_grass_patch_flower5.uasset" 808
"../../../../../../Users/Damen/Desktop/FortKnight/Content/FoliageStarterKit/Meshes/Flowers/SM_grass_patch_flower6.uasset" 809
"../../../../../../Users/Damen/Desktop/FortKnight/Content/FoliageStarterKit/Meshes/Grass/SM_grass1.uasset" 810
"../../../../../../Users/Damen/Desktop/FortKnight/Content/FoliageStarterKit/Meshes/Grass/SM_grass2.uasset" 811
"../../../../../../Users/Damen/Desktop/FortKnight/Content/FoliageStarterKit/Meshes/Grass/SM_grass3.uasset" 812
"../../../../../../Users/Damen/Desktop/FortKnight/Content/FoliageStarterKit/Meshes/Grass/SM_grass4.uasset" 813
"../../../../../../Users/Damen/Desktop/FortKnight/Content/FoliageStarterKit/Meshes/Grass/SM_grass5.uasset" 814
"../../../../../../Users/Damen/Desktop/FortKnight/Content/FoliageStarterKit/Meshes/Grass/SM_grass6.uasset" 815
"../../../../../../Users/Damen/Desktop/FortKnight/Content/FoliageStarterKit/Meshes/Grass/SM_grass_patch1.uasset" 816
"../../../../../../Users/Damen/Desktop/FortKnight/Content/FoliageStarterKit/Meshes/Grass/SM_grass_patch2.uasset" 817
"../../../../../../Users/Damen/Desktop/FortKnight/Content/FoliageStarterKit/Meshes/Grass/SM_grass_patch3.uasset" 818
"../../../../../../Users/Damen/Desktop/FortKnight/Content/FoliageStarterKit/Meshes/Grass/SM_grass_patch4.uasset" 819
"../../../../../../Users/Damen/Desktop/FortKnight/Content/FoliageStarterKit/Meshes/Grass/SM_grass_patch5.uasset" 820
"../../../../../../Users/Damen/Desktop/FortKnight/Content/FoliageStarterKit/Meshes/Grass/SM_grass_patch6.uasset" 821
"../../../Engine/Content/Functions/Engine_MaterialFunctions02/WorldPositionOffset/Wind.uasset" 822
"../../../../../../Users/Damen/Desktop/FortKnight/Content/FoliageStarterKit/Textures/Placeholder/tex_normal.uasset" 823
"../../../../../../Users/Damen/Desktop/FortKnight/Content/FoliageStarterKit/Material/Master_Material/M_bark.uasset" 824
"../../../../../../Users/Damen/Desktop/FortKnight/Content/FoliageStarterKit/Textures/Trees/tex_birchbark_diff.uasset" 825
"../../../../../../Users/Damen/Desktop/FortKnight/Content/FoliageStarterKit/Textures/Trees/tex_birchbark_n.uasset" 826
"../../../../../../Users/Damen/Desktop/FortKnight/Content/FoliageStarterKit/Material/Child_Material/M_birchbark_Inst.uasset" 827
"../../../../../../Users/Damen/Desktop/FortKnight/Content/FoliageStarterKit/Material/Master_Material/M_tree_basic.uasset" 828
"../../../../../../Users/Damen/Desktop/FortKnight/Content/FoliageStarterKit/Material/Child_Material/M_tree_basic_Inst.uasset" 829
"../../../../../../Users/Damen/Desktop/FortKnight/Content/FoliageStarterKit/Meshes/Trees/SM_tree1.uasset" 830
"../../../../../../Users/Damen/Desktop/FortKnight/Content/FoliageStarterKit/Meshes/Trees/SM_tree10.uasset" 831
"../../../../../../Users/Damen/Desktop/FortKnight/Content/FoliageStarterKit/Meshes/Trees/SM_tree2.uasset" 832
"../../../../../../Users/Damen/Desktop/FortKnight/Content/FoliageStarterKit/Meshes/Trees/SM_tree3.uasset" 833
"../../../../../../Users/Damen/Desktop/FortKnight/Content/FoliageStarterKit/Meshes/Trees/SM_tree4.uasset" 834
"../../../../../../Users/Damen/Desktop/FortKnight/Content/FoliageStarterKit/Meshes/Trees/SM_tree5.uasset" 835
"../../../../../../Users/Damen/Desktop/FortKnight/Content/FoliageStarterKit/Meshes/Trees/SM_tree6.uasset" 836
"../../../../../../Users/Damen/Desktop/FortKnight/Content/FoliageStarterKit/Meshes/Trees/SM_tree7.uasset" 837
"../../../../../../Users/Damen/Desktop/FortKnight/Content/FoliageStarterKit/Meshes/Trees/SM_tree8.uasset" 838
"../../../../../../Users/Damen/Desktop/FortKnight/Content/FoliageStarterKit/Meshes/Trees/SM_tree9.uasset" 839
"../../../../../../Users/Damen/Desktop/FortKnight/Content/FortKnight/Audio/Cues/Ambient.uasset" 840
"../../../../../../Users/Damen/Desktop/FortKnight/Content/FortKnight/Meshes/StaticMeshes/Buildings/Wood2.uasset" 841
"../../../../../../Users/Damen/Desktop/FortKnight/Content/FortKnight/Meshes/StaticMeshes/Scenery/WoodDark1.uasset" 842
"../../../../../../Users/Damen/Desktop/FortKnight/Content/FortKnight/Meshes/StaticMeshes/Buildings/_BigBuilding2.uasset" 843
"../../../../../../Users/Damen/Desktop/FortKnight/Content/FortKnight/Meshes/StaticMeshes/Buildings/Wood6.uasset" 844
"../../../../../../Users/Damen/Desktop/FortKnight/Content/FortKnight/Meshes/StaticMeshes/Buildings/_GeneralStore2__1_.uasset" 845
"../../../../../../Users/Damen/Desktop/FortKnight/Content/FortKnight/Meshes/StaticMeshes/Buildings/Black.uasset" 846
"../../../../../../Users/Damen/Desktop/FortKnight/Content/FortKnight/Meshes/StaticMeshes/Buildings/Walls_001.uasset" 847
"../../../../../../Users/Damen/Desktop/FortKnight/Content/StarterContent/Textures/T_CobbleStone_Smooth_D.uasset" 848
"../../../../../../Users/Damen/Desktop/FortKnight/Content/StarterContent/Textures/T_CobbleStone_Smooth_M.uasset" 849
"../../../../../../Users/Damen/Desktop/FortKnight/Content/StarterContent/Textures/T_CobbleStone_Smooth_N.uasset" 850
"../../../../../../Users/Damen/Desktop/FortKnight/Content/StarterContent/Materials/M_CobbleStone_Smooth.uasset" 851
"../../../../../../Users/Damen/Desktop/FortKnight/Content/StarterContent/Textures/T_Metal_Gold_D.uasset" 852
"../../../../../../Users/Damen/Desktop/FortKnight/Content/StarterContent/Materials/M_Metal_Gold.uasset" 853
"../../../../../../Users/Damen/Desktop/FortKnight/Content/FortKnight/Meshes/StaticMeshes/Buildings/BigHouse.uasset" 854
"../../../../../../Users/Damen/Desktop/FortKnight/Content/FortKnight/Meshes/StaticMeshes/Buildings/Black1.uasset" 855
"../../../../../../Users/Damen/Desktop/FortKnight/Content/StarterContent/Textures/T_Concrete_Poured_D.uasset" 856
"../../../../../../Users/Damen/Desktop/FortKnight/Content/StarterContent/Textures/T_Concrete_Poured_N.uasset" 857
"../../../../../../Users/Damen/Desktop/FortKnight/Content/StarterContent/Materials/M_Concrete_Poured.uasset" 858
"../../../../../../Users/Damen/Desktop/FortKnight/Content/FortKnight/Meshes/StaticMeshes/Buildings/Blacksmith.uasset" 859
"../../../../../../Users/Damen/Desktop/FortKnight/Content/FortKnight/Meshes/StaticMeshes/Buildings/Black4.uasset" 860
"../../../../../../Users/Damen/Desktop/FortKnight/Content/StarterContent/Textures/T_Brick_Hewn_Stone_D.uasset" 861
"../../../../../../Users/Damen/Desktop/FortKnight/Content/StarterContent/Textures/T_Brick_Hewn_Stone_M.uasset" 862
"../../../../../../Users/Damen/Desktop/FortKnight/Content/StarterContent/Textures/T_Brick_Hewn_Stone_N.uasset" 863
"../../../../../../Users/Damen/Desktop/FortKnight/Content/StarterContent/Textures/T_Detail_Rocky_N.uasset" 864
"../../../../../../Users/Damen/Desktop/FortKnight/Content/StarterContent/Materials/M_Brick_Hewn_Stone.uasset" 865
"../../../../../../Users/Damen/Desktop/FortKnight/Content/StarterContent/Textures/T_Wood_Floor_Walnut_D.uasset" 866
"../../../../../../Users/Damen/Desktop/FortKnight/Content/StarterContent/Textures/T_Wood_Floor_Walnut_M.uasset" 867
"../../../../../../Users/Damen/Desktop/FortKnight/Content/StarterContent/Textures/T_Wood_Floor_Walnut_N.uasset" 868
"../../../../../../Users/Damen/Desktop/FortKnight/Content/StarterContent/Materials/M_Wood_Floor_Walnut_Polished.uasset" 869
"../../../../../../Users/Damen/Desktop/FortKnight/Content/StarterContent/Textures/T_Wood_Walnut_D.uasset" 870
"../../../../../../Users/Damen/Desktop/FortKnight/Content/StarterContent/Textures/T_Wood_Walnut_N.uasset" 871
"../../../../../../Users/Damen/Desktop/FortKnight/Content/StarterContent/Materials/M_Wood_Walnut.uasset" 872
"../../../../../../Users/Damen/Desktop/FortKnight/Content/FortKnight/Meshes/StaticMeshes/Buildings/GatedHouse2.uasset" 873
"../../../../../../Users/Damen/Desktop/FortKnight/Content/FortKnight/Meshes/StaticMeshes/Buildings/Wood9.uasset" 874
"../../../Engine/Content/Functions/Engine_MaterialFunctions01/Opacity/AlphaOffset.uasset" 875
"../../../../../../Users/Damen/Desktop/FortKnight/Content/StarterContent/Materials/M_Wood_Floor_Walnut_Worn.uasset" 876
"../../../../../../Users/Damen/Desktop/FortKnight/Content/FortKnight/Meshes/StaticMeshes/Buildings/Hut.uasset" 877
"../../../../../../Users/Damen/Desktop/FortKnight/Content/StarterContent/Materials/M_Rock_Basalt.uasset" 878
"../../../../../../Users/Damen/Desktop/FortKnight/Content/FortKnight/Meshes/StaticMeshes/Rocks/Rock2.uasset" 879
"../../../../../../Users/Damen/Desktop/FortKnight/Content/FortKnight/Meshes/StaticMeshes/Rocks/Rock3.uasset" 880
"../../../../../../Users/Damen/Desktop/FortKnight/Content/FortKnight/Meshes/StaticMeshes/Rocks/Rock4.uasset" 881
"../../../../../../Users/Damen/Desktop/FortKnight/Content/FortKnight/Meshes/StaticMeshes/Scenery/Barrell2.uasset" 882
"../../../../../../Users/Damen/Desktop/FortKnight/Content/FortKnight/Meshes/StaticMeshes/Scenery/Bench.uasset" 883
"../../../../../../Users/Damen/Desktop/FortKnight/Content/FortKnight/Meshes/StaticMeshes/Scenery/Bucket.uasset" 884
"../../../../../../Users/Damen/Desktop/FortKnight/Content/FortKnight/Meshes/StaticMeshes/Scenery/Fence4.uasset" 885
"../../../../../../Users/Damen/Desktop/FortKnight/Content/FortKnight/Meshes/StaticMeshes/Scenery/Black.uasset" 886
"../../../../../../Users/Damen/Desktop/FortKnight/Content/FortKnight/Meshes/StaticMeshes/Scenery/Well.uasset" 887
"../../../../../../Users/Damen/Desktop/FortKnight/Content/FortKnight/Meshes/StaticMeshes/Scenery/WoodenCart2.uasset" 888
"../../../../../../Users/Damen/Desktop/FortKnight/Content/StarterContent/Textures/T_Brick_Clay_Beveled_D.uasset" 889
"../../../../../../Users/Damen/Desktop/FortKnight/Content/StarterContent/Textures/T_Brick_Clay_Beveled_M.uasset" 890
"../../../../../../Users/Damen/Desktop/FortKnight/Content/StarterContent/Textures/T_Brick_Clay_Beveled_N.uasset" 891
"../../../../../../Users/Damen/Desktop/FortKnight/Content/StarterContent/Materials/M_Brick_Clay_Beveled.uasset" 892
"../../../../../../Users/Damen/Desktop/FortKnight/Content/FortKnight/Meshes/StaticMeshes/Structures/BridgeFlat.uasset" 893
"../../../../../../Users/Damen/Desktop/FortKnight/Content/FortKnight/Meshes/StaticMeshes/Structures/BridgeSlanted.uasset" 894
"../../../../../../Users/Damen/Desktop/FortKnight/Content/FortKnight/Meshes/StaticMeshes/Structures/GuardTower.uasset" 895
"../../../../../../Users/Damen/Desktop/FortKnight/Content/FortKnight/Meshes/StaticMeshes/Structures/MiniBridge__all_extended_pillars_.uasset" 896
"../../../../../../Users/Damen/Desktop/FortKnight/Content/FortKnight/Meshes/StaticMeshes/Structures/Pillar4.uasset" 897
"../../../../../../Users/Damen/Desktop/FortKnight/Content/StarterContent/Textures/T_Brick_Clay_Old_D.uasset" 898
"../../../../../../Users/Damen/Desktop/FortKnight/Content/StarterContent/Textures/T_Brick_Clay_Old_N.uasset" 899
"../../../../../../Users/Damen/Desktop/FortKnight/Content/StarterContent/Materials/M_Brick_Clay_Old.uasset" 900
"../../../../../../Users/Damen/Desktop/FortKnight/Content/FortKnight/Meshes/StaticMeshes/Structures/Wall3.uasset" 901
"../../../../../../Users/Damen/Desktop/FortKnight/Content/FortKnight/Meshes/StaticMeshes/Structures/WallWithDoor_CastleWall.uasset" 902
"../../../../../../Users/Damen/Desktop/FortKnight/Content/StarterContent/Materials/M_Basic_Wall.uasset" 903
"../../../../../../Users/Damen/Desktop/FortKnight/Content/StarterContent/Shapes/Shape_Cylinder.uasset" 904
"../../../../../../Users/Damen/Desktop/FortKnight/Content/FortKnight/Maps/Main/Main.umap" 905
